{"C:\\Users\\billa\\OneDrive\\Área de Trabalho\\TrabalhoPraticas\\Trabalho de Praticas\\trabalho_praticas\\apps\\backend\\src\\app.module.ts": {"path":"C:\\Users\\billa\\OneDrive\\Área de Trabalho\\TrabalhoPraticas\\Trabalho de Praticas\\trabalho_praticas\\apps\\backend\\src\\app.module.ts","statementMap":{"0":{"start":{"line":1,"column":0},"end":{"line":1,"column":40}},"1":{"start":{"line":2,"column":0},"end":{"line":2,"column":46}},"2":{"start":{"line":3,"column":0},"end":{"line":3,"column":62}},"3":{"start":{"line":4,"column":0},"end":{"line":4,"column":56}},"4":{"start":{"line":5,"column":0},"end":{"line":5,"column":59}},"5":{"start":{"line":6,"column":0},"end":{"line":6,"column":68}},"6":{"start":{"line":7,"column":0},"end":{"line":7,"column":59}},"7":{"start":{"line":8,"column":0},"end":{"line":8,"column":56}},"8":{"start":{"line":9,"column":0},"end":{"line":9,"column":56}},"9":{"start":{"line":11,"column":0},"end":{"line":11,"column":47}},"10":{"start":{"line":12,"column":0},"end":{"line":12,"column":89}},"11":{"start":{"line":13,"column":0},"end":{"line":13,"column":79}},"12":{"start":{"line":39,"column":7},"end":{"line":43,"column":null}},"13":{"start":{"line":41,"column":4},"end":{"line":41,"column":59}},"14":{"start":{"line":39,"column":13},"end":{"line":39,"column":22}},"15":{"start":{"line":39,"column":13},"end":{"line":43,"column":null}}},"fnMap":{"0":{"name":"(anonymous_1)","decl":{"start":{"line":40,"column":2},"end":{"line":40,"column":11}},"loc":{"start":{"line":40,"column":40},"end":{"line":42,"column":3}}}},"branchMap":{"0":{"loc":{"start":{"line":21,"column":19},"end":{"line":21,"column":83}},"type":"cond-expr","locations":[{"start":{"line":21,"column":59},"end":{"line":21,"column":68}},{"start":{"line":21,"column":71},"end":{"line":21,"column":83}}]}},"s":{"0":0,"1":0,"2":0,"3":0,"4":0,"5":0,"6":0,"7":0,"8":0,"9":0,"10":0,"11":0,"12":0,"13":0,"14":0,"15":0},"f":{"0":0},"b":{"0":[0,0]}}
,"C:\\Users\\billa\\OneDrive\\Área de Trabalho\\TrabalhoPraticas\\Trabalho de Praticas\\trabalho_praticas\\apps\\backend\\src\\main.ts": {"path":"C:\\Users\\billa\\OneDrive\\Área de Trabalho\\TrabalhoPraticas\\Trabalho de Praticas\\trabalho_praticas\\apps\\backend\\src\\main.ts","statementMap":{"0":{"start":{"line":1,"column":0},"end":{"line":1,"column":43}},"1":{"start":{"line":2,"column":0},"end":{"line":2,"column":41}},"2":{"start":{"line":3,"column":0},"end":{"line":3,"column":45}},"3":{"start":{"line":4,"column":0},"end":{"line":4,"column":63}},"4":{"start":{"line":6,"column":0},"end":{"line":6,"column":91}},"5":{"start":{"line":10,"column":0},"end":{"line":12,"column":3}},"6":{"start":{"line":11,"column":2},"end":{"line":11,"column":47}},"7":{"start":{"line":14,"column":0},"end":{"line":16,"column":3}},"8":{"start":{"line":15,"column":2},"end":{"line":15,"column":49}},"9":{"start":{"line":19,"column":2},"end":{"line":54,"column":3}},"10":{"start":{"line":20,"column":4},"end":{"line":53,"column":5}},"11":{"start":{"line":21,"column":6},"end":{"line":21,"column":62}},"12":{"start":{"line":22,"column":6},"end":{"line":22,"column":88}},"13":{"start":{"line":23,"column":6},"end":{"line":23,"column":76}},"14":{"start":{"line":24,"column":6},"end":{"line":24,"column":80}},"15":{"start":{"line":26,"column":6},"end":{"line":26,"column":66}},"16":{"start":{"line":27,"column":6},"end":{"line":29,"column":9}},"17":{"start":{"line":30,"column":6},"end":{"line":30,"column":62}},"18":{"start":{"line":32,"column":6},"end":{"line":32,"column":36}},"19":{"start":{"line":34,"column":6},"end":{"line":41,"column":9}},"20":{"start":{"line":43,"column":6},"end":{"line":43,"column":65}},"21":{"start":{"line":44,"column":33},"end":{"line":44,"column":63}},"22":{"start":{"line":45,"column":6},"end":{"line":45,"column":83}},"23":{"start":{"line":47,"column":6},"end":{"line":47,"column":53}},"24":{"start":{"line":48,"column":6},"end":{"line":48,"column":23}},"25":{"start":{"line":49,"column":6},"end":{"line":49,"column":52}},"26":{"start":{"line":51,"column":6},"end":{"line":51,"column":79}},"27":{"start":{"line":52,"column":6},"end":{"line":52,"column":18}},"28":{"start":{"line":56,"column":2},"end":{"line":56,"column":44}},"29":{"start":{"line":59,"column":0},"end":{"line":117,"column":2}},"30":{"start":{"line":60,"column":17},"end":{"line":60,"column":52}},"31":{"start":{"line":61,"column":22},"end":{"line":61,"column":82}},"32":{"start":{"line":63,"column":2},"end":{"line":63,"column":91}},"33":{"start":{"line":66,"column":22},"end":{"line":66,"column":29}},"34":{"start":{"line":67,"column":2},"end":{"line":75,"column":4}},"35":{"start":{"line":68,"column":4},"end":{"line":73,"column":5}},"36":{"start":{"line":69,"column":6},"end":{"line":69,"column":64}},"37":{"start":{"line":70,"column":6},"end":{"line":70,"column":85}},"38":{"start":{"line":71,"column":6},"end":{"line":71,"column":82}},"39":{"start":{"line":72,"column":6},"end":{"line":72,"column":58}},"40":{"start":{"line":74,"column":4},"end":{"line":74,"column":40}},"41":{"start":{"line":78,"column":2},"end":{"line":82,"column":3}},"42":{"start":{"line":79,"column":4},"end":{"line":79,"column":61}},"43":{"start":{"line":80,"column":4},"end":{"line":80,"column":25}},"44":{"start":{"line":81,"column":4},"end":{"line":81,"column":21}},"45":{"start":{"line":84,"column":2},"end":{"line":116,"column":3}},"46":{"start":{"line":85,"column":21},"end":{"line":85,"column":38}},"47":{"start":{"line":86,"column":4},"end":{"line":86,"column":55}},"48":{"start":{"line":89,"column":24},"end":{"line":89,"column":31}},"49":{"start":{"line":90,"column":25},"end":{"line":90,"column":33}},"50":{"start":{"line":92,"column":4},"end":{"line":95,"column":6}},"51":{"start":{"line":93,"column":6},"end":{"line":93,"column":96}},"52":{"start":{"line":94,"column":6},"end":{"line":94,"column":42}},"53":{"start":{"line":97,"column":4},"end":{"line":100,"column":6}},"54":{"start":{"line":98,"column":6},"end":{"line":98,"column":76}},"55":{"start":{"line":99,"column":6},"end":{"line":99,"column":43}},"56":{"start":{"line":102,"column":4},"end":{"line":102,"column":30}},"57":{"start":{"line":104,"column":4},"end":{"line":104,"column":46}},"58":{"start":{"line":105,"column":4},"end":{"line":105,"column":68}},"59":{"start":{"line":108,"column":4},"end":{"line":110,"column":5}},"60":{"start":{"line":109,"column":6},"end":{"line":109,"column":27}},"61":{"start":{"line":111,"column":4},"end":{"line":115,"column":8}}},"fnMap":{"0":{"name":"(anonymous_0)","decl":{"start":{"line":10,"column":32},"end":{"line":10,"column":33}},"loc":{"start":{"line":10,"column":42},"end":{"line":12,"column":1}}},"1":{"name":"(anonymous_1)","decl":{"start":{"line":14,"column":33},"end":{"line":14,"column":34}},"loc":{"start":{"line":14,"column":44},"end":{"line":16,"column":1}}},"2":{"name":"bootstrap","decl":{"start":{"line":18,"column":15},"end":{"line":18,"column":24}},"loc":{"start":{"line":18,"column":24},"end":{"line":57,"column":1}}},"3":{"name":"(anonymous_3)","decl":{"start":{"line":44,"column":33},"end":{"line":44,"column":46}},"loc":{"start":{"line":44,"column":33},"end":{"line":44,"column":63}}},"4":{"name":"(anonymous_4)","decl":{"start":{"line":59,"column":15},"end":{"line":59,"column":20}},"loc":{"start":{"line":59,"column":34},"end":{"line":117,"column":1}}},"5":{"name":"(anonymous_5)","decl":{"start":{"line":67,"column":12},"end":{"line":67,"column":21}},"loc":{"start":{"line":67,"column":28},"end":{"line":75,"column":3}}},"6":{"name":"(anonymous_6)","decl":{"start":{"line":92,"column":14},"end":{"line":92,"column":23}},"loc":{"start":{"line":92,"column":30},"end":{"line":95,"column":5}}},"7":{"name":"(anonymous_7)","decl":{"start":{"line":97,"column":15},"end":{"line":97,"column":24}},"loc":{"start":{"line":97,"column":28},"end":{"line":100,"column":5}}}},"branchMap":{"0":{"loc":{"start":{"line":19,"column":2},"end":{"line":54,"column":3}},"type":"if","locations":[{"start":{"line":19,"column":2},"end":{"line":54,"column":3}},{"start":{},"end":{}}]},"1":{"loc":{"start":{"line":36,"column":10},"end":{"line":36,"column":61}},"type":"binary-expr","locations":[{"start":{"line":36,"column":10},"end":{"line":36,"column":34}},{"start":{"line":36,"column":38},"end":{"line":36,"column":61}}]},"2":{"loc":{"start":{"line":60,"column":18},"end":{"line":60,"column":37}},"type":"binary-expr","locations":[{"start":{"line":60,"column":18},"end":{"line":60,"column":28}},{"start":{"line":60,"column":32},"end":{"line":60,"column":37}}]},"3":{"loc":{"start":{"line":61,"column":23},"end":{"line":61,"column":74}},"type":"binary-expr","locations":[{"start":{"line":61,"column":23},"end":{"line":61,"column":47}},{"start":{"line":61,"column":51},"end":{"line":61,"column":74}}]},"4":{"loc":{"start":{"line":68,"column":4},"end":{"line":73,"column":5}},"type":"if","locations":[{"start":{"line":68,"column":4},"end":{"line":73,"column":5}},{"start":{},"end":{}}]},"5":{"loc":{"start":{"line":78,"column":2},"end":{"line":82,"column":3}},"type":"if","locations":[{"start":{"line":78,"column":2},"end":{"line":82,"column":3}},{"start":{},"end":{}}]},"6":{"loc":{"start":{"line":108,"column":4},"end":{"line":110,"column":5}},"type":"if","locations":[{"start":{"line":108,"column":4},"end":{"line":110,"column":5}},{"start":{},"end":{}}]},"7":{"loc":{"start":{"line":113,"column":16},"end":{"line":113,"column":55}},"type":"binary-expr","locations":[{"start":{"line":113,"column":16},"end":{"line":113,"column":38}},{"start":{"line":113,"column":42},"end":{"line":113,"column":55}}]}},"s":{"0":0,"1":0,"2":0,"3":0,"4":0,"5":0,"6":0,"7":0,"8":0,"9":0,"10":0,"11":0,"12":0,"13":0,"14":0,"15":0,"16":0,"17":0,"18":0,"19":0,"20":0,"21":0,"22":0,"23":0,"24":0,"25":0,"26":0,"27":0,"28":0,"29":0,"30":0,"31":0,"32":0,"33":0,"34":0,"35":0,"36":0,"37":0,"38":0,"39":0,"40":0,"41":0,"42":0,"43":0,"44":0,"45":0,"46":0,"47":0,"48":0,"49":0,"50":0,"51":0,"52":0,"53":0,"54":0,"55":0,"56":0,"57":0,"58":0,"59":0,"60":0,"61":0},"f":{"0":0,"1":0,"2":0,"3":0,"4":0,"5":0,"6":0,"7":0},"b":{"0":[0,0],"1":[0,0],"2":[0,0],"3":[0,0],"4":[0,0],"5":[0,0],"6":[0,0],"7":[0,0]}}
,"C:\\Users\\billa\\OneDrive\\Área de Trabalho\\TrabalhoPraticas\\Trabalho de Praticas\\trabalho_praticas\\apps\\backend\\src\\common\\interceptors\\logging.interceptor.ts": {"path":"C:\\Users\\billa\\OneDrive\\Área de Trabalho\\TrabalhoPraticas\\Trabalho de Praticas\\trabalho_praticas\\apps\\backend\\src\\common\\interceptors\\logging.interceptor.ts","statementMap":{"0":{"start":{"line":1,"column":0},"end":{"line":1,"column":null}},"1":{"start":{"line":9,"column":0},"end":{"line":9,"column":37}},"2":{"start":{"line":11,"column":0},"end":{"line":11,"column":81}},"3":{"start":{"line":14,"column":31},"end":{"line":42,"column":null}},"4":{"start":{"line":15,"column":19},"end":{"line":15,"column":64}},"5":{"start":{"line":18,"column":16},"end":{"line":18,"column":38}},"6":{"start":{"line":19,"column":16},"end":{"line":19,"column":41}},"7":{"start":{"line":20,"column":16},"end":{"line":20,"column":43}},"8":{"start":{"line":22,"column":19},"end":{"line":22,"column":29}},"9":{"start":{"line":23,"column":16},"end":{"line":23,"column":23}},"10":{"start":{"line":24,"column":26},"end":{"line":24,"column":60}},"11":{"start":{"line":25,"column":22},"end":{"line":25,"column":53}},"12":{"start":{"line":26,"column":16},"end":{"line":26,"column":26}},"13":{"start":{"line":28,"column":4},"end":{"line":30,"column":6}},"14":{"start":{"line":32,"column":4},"end":{"line":40,"column":6}},"15":{"start":{"line":34,"column":27},"end":{"line":34,"column":41}},"16":{"start":{"line":35,"column":22},"end":{"line":35,"column":38}},"17":{"start":{"line":36,"column":8},"end":{"line":38,"column":10}},"18":{"start":{"line":14,"column":13},"end":{"line":14,"column":31}},"19":{"start":{"line":14,"column":13},"end":{"line":42,"column":null}}},"fnMap":{"0":{"name":"(anonymous_1)","decl":{"start":{"line":14,"column":7},"end":{"line":14,"column":13}},"loc":{"start":{"line":14,"column":7},"end":{"line":42,"column":1}}},"1":{"name":"(anonymous_2)","decl":{"start":{"line":17,"column":2},"end":{"line":17,"column":11}},"loc":{"start":{"line":17,"column":56},"end":{"line":41,"column":3}}},"2":{"name":"(anonymous_3)","decl":{"start":{"line":33,"column":10},"end":{"line":33,"column":13}},"loc":{"start":{"line":33,"column":15},"end":{"line":39,"column":7}}}},"branchMap":{"0":{"loc":{"start":{"line":25,"column":22},"end":{"line":25,"column":53}},"type":"binary-expr","locations":[{"start":{"line":25,"column":22},"end":{"line":25,"column":47}},{"start":{"line":25,"column":51},"end":{"line":25,"column":53}}]}},"s":{"0":0,"1":0,"2":0,"3":0,"4":0,"5":0,"6":0,"7":0,"8":0,"9":0,"10":0,"11":0,"12":0,"13":0,"14":0,"15":0,"16":0,"17":0,"18":0,"19":0},"f":{"0":0,"1":0,"2":0},"b":{"0":[0,0]}}
,"C:\\Users\\billa\\OneDrive\\Área de Trabalho\\TrabalhoPraticas\\Trabalho de Praticas\\trabalho_praticas\\apps\\backend\\src\\common\\logger\\winston.config.ts": {"path":"C:\\Users\\billa\\OneDrive\\Área de Trabalho\\TrabalhoPraticas\\Trabalho de Praticas\\trabalho_praticas\\apps\\backend\\src\\common\\logger\\winston.config.ts","statementMap":{"0":{"start":{"line":1,"column":0},"end":{"line":1,"column":45}},"1":{"start":{"line":4,"column":13},"end":{"line":14,"column":2}}},"fnMap":{},"branchMap":{},"s":{"0":0,"1":0},"f":{},"b":{}}
,"C:\\Users\\billa\\OneDrive\\Área de Trabalho\\TrabalhoPraticas\\Trabalho de Praticas\\trabalho_praticas\\apps\\backend\\src\\common\\middlewares\\correlation-id.middleware.ts": {"path":"C:\\Users\\billa\\OneDrive\\Área de Trabalho\\TrabalhoPraticas\\Trabalho de Praticas\\trabalho_praticas\\apps\\backend\\src\\common\\middlewares\\correlation-id.middleware.ts","statementMap":{"0":{"start":{"line":1,"column":0},"end":{"line":1,"column":60}},"1":{"start":{"line":3,"column":0},"end":{"line":3,"column":33}},"2":{"start":{"line":5,"column":13},"end":{"line":5,"column":56}},"3":{"start":{"line":8,"column":7},"end":{"line":15,"column":null}},"4":{"start":{"line":10,"column":26},"end":{"line":10,"column":83}},"5":{"start":{"line":11,"column":4},"end":{"line":11,"column":55}},"6":{"start":{"line":12,"column":4},"end":{"line":12,"column":56}},"7":{"start":{"line":13,"column":4},"end":{"line":13,"column":11}},"8":{"start":{"line":8,"column":13},"end":{"line":8,"column":36}},"9":{"start":{"line":8,"column":13},"end":{"line":15,"column":null}}},"fnMap":{"0":{"name":"(anonymous_1)","decl":{"start":{"line":9,"column":2},"end":{"line":9,"column":5}},"loc":{"start":{"line":9,"column":53},"end":{"line":14,"column":3}}}},"branchMap":{"0":{"loc":{"start":{"line":10,"column":26},"end":{"line":10,"column":83}},"type":"binary-expr","locations":[{"start":{"line":10,"column":26},"end":{"line":10,"column":60}},{"start":{"line":10,"column":64},"end":{"line":10,"column":83}}]}},"s":{"0":0,"1":0,"2":0,"3":0,"4":0,"5":0,"6":0,"7":0,"8":0,"9":0},"f":{"0":0},"b":{"0":[0,0]}}
,"C:\\Users\\billa\\OneDrive\\Área de Trabalho\\TrabalhoPraticas\\Trabalho de Praticas\\trabalho_praticas\\apps\\backend\\src\\database\\prisma.service.ts": {"path":"C:\\Users\\billa\\OneDrive\\Área de Trabalho\\TrabalhoPraticas\\Trabalho de Praticas\\trabalho_praticas\\apps\\backend\\src\\database\\prisma.service.ts","statementMap":{"0":{"start":{"line":1,"column":0},"end":{"line":1,"column":75}},"1":{"start":{"line":2,"column":0},"end":{"line":2,"column":46}},"2":{"start":{"line":5,"column":7},"end":{"line":31,"column":null}},"3":{"start":{"line":10,"column":4},"end":{"line":10,"column":12}},"4":{"start":{"line":11,"column":4},"end":{"line":11,"column":106}},"5":{"start":{"line":15,"column":4},"end":{"line":25,"column":5}},"6":{"start":{"line":16,"column":6},"end":{"line":16,"column":60}},"7":{"start":{"line":17,"column":6},"end":{"line":17,"column":28}},"8":{"start":{"line":18,"column":6},"end":{"line":18,"column":76}},"9":{"start":{"line":20,"column":6},"end":{"line":20,"column":60}},"10":{"start":{"line":22,"column":20},"end":{"line":22,"column":62}},"11":{"start":{"line":23,"column":6},"end":{"line":23,"column":72}},"12":{"start":{"line":24,"column":6},"end":{"line":24,"column":18}},"13":{"start":{"line":29,"column":4},"end":{"line":29,"column":29}},"14":{"start":{"line":5,"column":13},"end":{"line":5,"column":26}},"15":{"start":{"line":5,"column":13},"end":{"line":31,"column":null}}},"fnMap":{"0":{"name":"(anonymous_2)","decl":{"start":{"line":9,"column":2},"end":{"line":9,"column":null}},"loc":{"start":{"line":9,"column":2},"end":{"line":12,"column":3}}},"1":{"name":"(anonymous_3)","decl":{"start":{"line":14,"column":2},"end":{"line":14,"column":7}},"loc":{"start":{"line":14,"column":20},"end":{"line":26,"column":3}}},"2":{"name":"(anonymous_4)","decl":{"start":{"line":28,"column":2},"end":{"line":28,"column":7}},"loc":{"start":{"line":28,"column":23},"end":{"line":30,"column":3}}}},"branchMap":{"0":{"loc":{"start":{"line":22,"column":20},"end":{"line":22,"column":62}},"type":"binary-expr","locations":[{"start":{"line":22,"column":20},"end":{"line":22,"column":44}},{"start":{"line":22,"column":48},"end":{"line":22,"column":62}}]}},"s":{"0":4,"1":4,"2":4,"3":0,"4":0,"5":0,"6":0,"7":0,"8":0,"9":0,"10":0,"11":0,"12":0,"13":0,"14":4,"15":4},"f":{"0":0,"1":0,"2":0},"b":{"0":[0,0]}}
,"C:\\Users\\billa\\OneDrive\\Área de Trabalho\\TrabalhoPraticas\\Trabalho de Praticas\\trabalho_praticas\\apps\\backend\\src\\modules\\auth\\auth.controller.ts": {"path":"C:\\Users\\billa\\OneDrive\\Área de Trabalho\\TrabalhoPraticas\\Trabalho de Praticas\\trabalho_praticas\\apps\\backend\\src\\modules\\auth\\auth.controller.ts","statementMap":{"0":{"start":{"line":1,"column":0},"end":{"line":1,"column":83}},"1":{"start":{"line":2,"column":0},"end":{"line":2,"column":45}},"2":{"start":{"line":3,"column":0},"end":{"line":3,"column":49}},"3":{"start":{"line":4,"column":0},"end":{"line":4,"column":43}},"4":{"start":{"line":5,"column":0},"end":{"line":5,"column":62}},"5":{"start":{"line":6,"column":0},"end":{"line":6,"column":43}},"6":{"start":{"line":9,"column":7},"end":{"line":51,"column":null}},"7":{"start":{"line":10,"column":31},"end":{"line":10,"column":44}},"8":{"start":{"line":14,"column":4},"end":{"line":14,"column":90}},"9":{"start":{"line":15,"column":4},"end":{"line":22,"column":5}},"10":{"start":{"line":16,"column":21},"end":{"line":16,"column":57}},"11":{"start":{"line":17,"column":6},"end":{"line":17,"column":67}},"12":{"start":{"line":18,"column":6},"end":{"line":18,"column":20}},"13":{"start":{"line":20,"column":6},"end":{"line":20,"column":53}},"14":{"start":{"line":21,"column":6},"end":{"line":21,"column":18}},"15":{"start":{"line":27,"column":4},"end":{"line":27,"column":71}},"16":{"start":{"line":28,"column":4},"end":{"line":35,"column":5}},"17":{"start":{"line":29,"column":21},"end":{"line":29,"column":54}},"18":{"start":{"line":30,"column":6},"end":{"line":30,"column":64}},"19":{"start":{"line":31,"column":6},"end":{"line":31,"column":20}},"20":{"start":{"line":33,"column":6},"end":{"line":33,"column":50}},"21":{"start":{"line":34,"column":6},"end":{"line":34,"column":18}},"22":{"start":{"line":41,"column":4},"end":{"line":41,"column":75}},"23":{"start":{"line":42,"column":4},"end":{"line":49,"column":5}},"24":{"start":{"line":43,"column":21},"end":{"line":43,"column":76}},"25":{"start":{"line":44,"column":6},"end":{"line":44,"column":45}},"26":{"start":{"line":45,"column":6},"end":{"line":45,"column":20}},"27":{"start":{"line":47,"column":6},"end":{"line":47,"column":53}},"28":{"start":{"line":48,"column":6},"end":{"line":48,"column":18}},"29":{"start":{"line":9,"column":13},"end":{"line":9,"column":27}},"30":{"start":{"line":13,"column":8},"end":{"line":23,"column":null}},"31":{"start":{"line":26,"column":8},"end":{"line":36,"column":null}},"32":{"start":{"line":40,"column":8},"end":{"line":50,"column":null}},"33":{"start":{"line":9,"column":13},"end":{"line":51,"column":null}}},"fnMap":{"0":{"name":"(anonymous_4)","decl":{"start":{"line":10,"column":2},"end":{"line":10,"column":31}},"loc":{"start":{"line":10,"column":55},"end":{"line":10,"column":59}}},"1":{"name":"(anonymous_5)","decl":{"start":{"line":13,"column":8},"end":{"line":13,"column":16}},"loc":{"start":{"line":13,"column":41},"end":{"line":23,"column":3}}},"2":{"name":"(anonymous_6)","decl":{"start":{"line":26,"column":8},"end":{"line":26,"column":13}},"loc":{"start":{"line":26,"column":35},"end":{"line":36,"column":3}}},"3":{"name":"(anonymous_7)","decl":{"start":{"line":40,"column":8},"end":{"line":40,"column":22}},"loc":{"start":{"line":40,"column":69},"end":{"line":50,"column":3}}}},"branchMap":{},"s":{"0":0,"1":0,"2":0,"3":0,"4":0,"5":0,"6":0,"7":0,"8":0,"9":0,"10":0,"11":0,"12":0,"13":0,"14":0,"15":0,"16":0,"17":0,"18":0,"19":0,"20":0,"21":0,"22":0,"23":0,"24":0,"25":0,"26":0,"27":0,"28":0,"29":0,"30":0,"31":0,"32":0,"33":0},"f":{"0":0,"1":0,"2":0,"3":0},"b":{}}
,"C:\\Users\\billa\\OneDrive\\Área de Trabalho\\TrabalhoPraticas\\Trabalho de Praticas\\trabalho_praticas\\apps\\backend\\src\\modules\\auth\\auth.module.ts": {"path":"C:\\Users\\billa\\OneDrive\\Área de Trabalho\\TrabalhoPraticas\\Trabalho de Praticas\\trabalho_praticas\\apps\\backend\\src\\modules\\auth\\auth.module.ts","statementMap":{"0":{"start":{"line":1,"column":0},"end":{"line":1,"column":40}},"1":{"start":{"line":2,"column":0},"end":{"line":2,"column":40}},"2":{"start":{"line":3,"column":0},"end":{"line":3,"column":50}},"3":{"start":{"line":4,"column":0},"end":{"line":4,"column":61}},"4":{"start":{"line":5,"column":0},"end":{"line":5,"column":45}},"5":{"start":{"line":6,"column":0},"end":{"line":6,"column":51}},"6":{"start":{"line":7,"column":0},"end":{"line":7,"column":45}},"7":{"start":{"line":8,"column":0},"end":{"line":8,"column":49}},"8":{"start":{"line":9,"column":0},"end":{"line":9,"column":62}},"9":{"start":{"line":10,"column":0},"end":{"line":10,"column":49}},"10":{"start":{"line":30,"column":7},"end":{"line":30,"column":null}},"11":{"start":{"line":30,"column":13},"end":{"line":30,"column":23}},"12":{"start":{"line":30,"column":13},"end":{"line":30,"column":null}},"13":{"start":{"line":20,"column":46},"end":{"line":23,"column":8}}},"fnMap":{"0":{"name":"(anonymous_1)","decl":{"start":{"line":20,"column":18},"end":{"line":20,"column":19}},"loc":{"start":{"line":20,"column":46},"end":{"line":23,"column":8}}}},"branchMap":{"0":{"loc":{"start":{"line":21,"column":16},"end":{"line":21,"column":60}},"type":"binary-expr","locations":[{"start":{"line":21,"column":16},"end":{"line":21,"column":40}},{"start":{"line":21,"column":44},"end":{"line":21,"column":60}}]}},"s":{"0":0,"1":0,"2":0,"3":0,"4":0,"5":0,"6":0,"7":0,"8":0,"9":0,"10":0,"11":0,"12":0,"13":0},"f":{"0":0},"b":{"0":[0,0]}}
,"C:\\Users\\billa\\OneDrive\\Área de Trabalho\\TrabalhoPraticas\\Trabalho de Praticas\\trabalho_praticas\\apps\\backend\\src\\modules\\auth\\auth.service.ts": {"path":"C:\\Users\\billa\\OneDrive\\Área de Trabalho\\TrabalhoPraticas\\Trabalho de Praticas\\trabalho_praticas\\apps\\backend\\src\\modules\\auth\\auth.service.ts","statementMap":{"0":{"start":{"line":1,"column":0},"end":{"line":1,"column":null}},"1":{"start":{"line":7,"column":0},"end":{"line":7,"column":41}},"2":{"start":{"line":8,"column":0},"end":{"line":8,"column":62}},"3":{"start":{"line":9,"column":0},"end":{"line":9,"column":51}},"4":{"start":{"line":13,"column":0},"end":{"line":13,"column":33}},"5":{"start":{"line":16,"column":7},"end":{"line":82,"column":null}},"6":{"start":{"line":18,"column":21},"end":{"line":18,"column":29}},"7":{"start":{"line":19,"column":21},"end":{"line":19,"column":33}},"8":{"start":{"line":20,"column":21},"end":{"line":20,"column":34}},"9":{"start":{"line":24,"column":4},"end":{"line":24,"column":75}},"10":{"start":{"line":25,"column":21},"end":{"line":27,"column":6}},"11":{"start":{"line":28,"column":4},"end":{"line":31,"column":5}},"12":{"start":{"line":29,"column":6},"end":{"line":29,"column":73}},"13":{"start":{"line":30,"column":6},"end":{"line":30,"column":58}},"14":{"start":{"line":33,"column":4},"end":{"line":33,"column":58}},"15":{"start":{"line":34,"column":25},"end":{"line":34,"column":60}},"16":{"start":{"line":35,"column":4},"end":{"line":35,"column":55}},"17":{"start":{"line":36,"column":17},"end":{"line":38,"column":6}},"18":{"start":{"line":39,"column":4},"end":{"line":39,"column":61}},"19":{"start":{"line":42,"column":4},"end":{"line":42,"column":74}},"20":{"start":{"line":44,"column":18},"end":{"line":44,"column":75}},"21":{"start":{"line":45,"column":4},"end":{"line":48,"column":6}},"22":{"start":{"line":52,"column":17},"end":{"line":54,"column":6}},"23":{"start":{"line":55,"column":4},"end":{"line":55,"column":70}},"24":{"start":{"line":55,"column":15},"end":{"line":55,"column":70}},"25":{"start":{"line":57,"column":18},"end":{"line":57,"column":71}},"26":{"start":{"line":58,"column":4},"end":{"line":58,"column":71}},"27":{"start":{"line":58,"column":16},"end":{"line":58,"column":71}},"28":{"start":{"line":60,"column":18},"end":{"line":60,"column":75}},"29":{"start":{"line":61,"column":4},"end":{"line":64,"column":6}},"30":{"start":{"line":68,"column":17},"end":{"line":68,"column":77}},"31":{"start":{"line":69,"column":4},"end":{"line":69,"column":61}},"32":{"start":{"line":69,"column":15},"end":{"line":69,"column":61}},"33":{"start":{"line":71,"column":18},"end":{"line":71,"column":74}},"34":{"start":{"line":72,"column":4},"end":{"line":72,"column":72}},"35":{"start":{"line":72,"column":16},"end":{"line":72,"column":72}},"36":{"start":{"line":74,"column":25},"end":{"line":74,"column":63}},"37":{"start":{"line":75,"column":4},"end":{"line":78,"column":7}},"38":{"start":{"line":80,"column":4},"end":{"line":80,"column":56}},"39":{"start":{"line":16,"column":13},"end":{"line":16,"column":24}},"40":{"start":{"line":16,"column":13},"end":{"line":82,"column":null}}},"fnMap":{"0":{"name":"(anonymous_2)","decl":{"start":{"line":17,"column":2},"end":{"line":17,"column":null}},"loc":{"start":{"line":20,"column":45},"end":{"line":21,"column":6}}},"1":{"name":"(anonymous_3)","decl":{"start":{"line":23,"column":2},"end":{"line":23,"column":7}},"loc":{"start":{"line":23,"column":33},"end":{"line":49,"column":3}}},"2":{"name":"(anonymous_4)","decl":{"start":{"line":51,"column":2},"end":{"line":51,"column":7}},"loc":{"start":{"line":51,"column":27},"end":{"line":65,"column":3}}},"3":{"name":"(anonymous_5)","decl":{"start":{"line":67,"column":2},"end":{"line":67,"column":7}},"loc":{"start":{"line":67,"column":61},"end":{"line":81,"column":3}}}},"branchMap":{"0":{"loc":{"start":{"line":28,"column":4},"end":{"line":31,"column":5}},"type":"if","locations":[{"start":{"line":28,"column":4},"end":{"line":31,"column":5}},{"start":{},"end":{}}]},"1":{"loc":{"start":{"line":42,"column":50},"end":{"line":42,"column":72}},"type":"binary-expr","locations":[{"start":{"line":42,"column":50},"end":{"line":42,"column":59}},{"start":{"line":42,"column":63},"end":{"line":42,"column":72}}]},"2":{"loc":{"start":{"line":55,"column":4},"end":{"line":55,"column":70}},"type":"if","locations":[{"start":{"line":55,"column":4},"end":{"line":55,"column":70}},{"start":{},"end":{}}]},"3":{"loc":{"start":{"line":58,"column":4},"end":{"line":58,"column":71}},"type":"if","locations":[{"start":{"line":58,"column":4},"end":{"line":58,"column":71}},{"start":{},"end":{}}]},"4":{"loc":{"start":{"line":69,"column":4},"end":{"line":69,"column":61}},"type":"if","locations":[{"start":{"line":69,"column":4},"end":{"line":69,"column":61}},{"start":{},"end":{}}]},"5":{"loc":{"start":{"line":72,"column":4},"end":{"line":72,"column":72}},"type":"if","locations":[{"start":{"line":72,"column":4},"end":{"line":72,"column":72}},{"start":{},"end":{}}]}},"s":{"0":1,"1":1,"2":1,"3":1,"4":1,"5":1,"6":8,"7":8,"8":8,"9":2,"10":2,"11":2,"12":1,"13":1,"14":1,"15":1,"16":1,"17":1,"18":1,"19":1,"20":1,"21":1,"22":3,"23":3,"24":1,"25":2,"26":2,"27":1,"28":1,"29":1,"30":3,"31":3,"32":1,"33":2,"34":2,"35":1,"36":1,"37":1,"38":1,"39":1,"40":1},"f":{"0":8,"1":2,"2":3,"3":3},"b":{"0":[1,1],"1":[1,0],"2":[1,2],"3":[1,1],"4":[1,2],"5":[1,1]}}
,"C:\\Users\\billa\\OneDrive\\Área de Trabalho\\TrabalhoPraticas\\Trabalho de Praticas\\trabalho_praticas\\apps\\backend\\src\\modules\\auth\\clerk.strategy.ts": {"path":"C:\\Users\\billa\\OneDrive\\Área de Trabalho\\TrabalhoPraticas\\Trabalho de Praticas\\trabalho_praticas\\apps\\backend\\src\\modules\\auth\\clerk.strategy.ts","statementMap":{"0":{"start":{"line":1,"column":0},"end":{"line":1,"column":97}},"1":{"start":{"line":2,"column":0},"end":{"line":2,"column":52}},"2":{"start":{"line":3,"column":0},"end":{"line":3,"column":52}},"3":{"start":{"line":4,"column":0},"end":{"line":4,"column":62}},"4":{"start":{"line":5,"column":0},"end":{"line":5,"column":58}},"5":{"start":{"line":6,"column":0},"end":{"line":6,"column":51}},"6":{"start":{"line":9,"column":7},"end":{"line":86,"column":null}},"7":{"start":{"line":16,"column":22},"end":{"line":16,"column":50}},"8":{"start":{"line":17,"column":4},"end":{"line":17,"column":85}},"9":{"start":{"line":18,"column":4},"end":{"line":20,"column":5}},"10":{"start":{"line":19,"column":6},"end":{"line":19,"column":88}},"11":{"start":{"line":22,"column":4},"end":{"line":26,"column":7}},"12":{"start":{"line":13,"column":21},"end":{"line":13,"column":29}},"13":{"start":{"line":14,"column":21},"end":{"line":14,"column":34}},"14":{"start":{"line":28,"column":4},"end":{"line":28,"column":56}},"15":{"start":{"line":32,"column":20},"end":{"line":32,"column":31}},"16":{"start":{"line":34,"column":4},"end":{"line":36,"column":5}},"17":{"start":{"line":35,"column":6},"end":{"line":35,"column":63}},"18":{"start":{"line":39,"column":15},"end":{"line":41,"column":6}},"19":{"start":{"line":43,"column":4},"end":{"line":82,"column":5}},"20":{"start":{"line":45,"column":6},"end":{"line":81,"column":7}},"21":{"start":{"line":46,"column":26},"end":{"line":46,"column":71}},"22":{"start":{"line":47,"column":22},"end":{"line":47,"column":63}},"23":{"start":{"line":49,"column":8},"end":{"line":51,"column":9}},"24":{"start":{"line":50,"column":10},"end":{"line":50,"column":77}},"25":{"start":{"line":53,"column":21},"end":{"line":53,"column":102}},"26":{"start":{"line":56,"column":32},"end":{"line":58,"column":10}},"27":{"start":{"line":61,"column":8},"end":{"line":72,"column":11}},"28":{"start":{"line":75,"column":8},"end":{"line":77,"column":9}},"29":{"start":{"line":76,"column":10},"end":{"line":76,"column":57}},"30":{"start":{"line":79,"column":8},"end":{"line":79,"column":58}},"31":{"start":{"line":80,"column":8},"end":{"line":80,"column":86}},"32":{"start":{"line":84,"column":4},"end":{"line":84,"column":69}},"33":{"start":{"line":9,"column":13},"end":{"line":9,"column":26}},"34":{"start":{"line":9,"column":13},"end":{"line":86,"column":null}}},"fnMap":{"0":{"name":"(anonymous_2)","decl":{"start":{"line":12,"column":2},"end":{"line":12,"column":null}},"loc":{"start":{"line":14,"column":45},"end":{"line":29,"column":3}}},"1":{"name":"(anonymous_3)","decl":{"start":{"line":31,"column":2},"end":{"line":31,"column":7}},"loc":{"start":{"line":31,"column":29},"end":{"line":85,"column":3}}}},"branchMap":{"0":{"loc":{"start":{"line":18,"column":4},"end":{"line":20,"column":5}},"type":"if","locations":[{"start":{"line":18,"column":4},"end":{"line":20,"column":5}},{"start":{},"end":{}}]},"1":{"loc":{"start":{"line":34,"column":4},"end":{"line":36,"column":5}},"type":"if","locations":[{"start":{"line":34,"column":4},"end":{"line":36,"column":5}},{"start":{},"end":{}}]},"2":{"loc":{"start":{"line":43,"column":4},"end":{"line":82,"column":5}},"type":"if","locations":[{"start":{"line":43,"column":4},"end":{"line":82,"column":5}},{"start":{},"end":{}}]},"3":{"loc":{"start":{"line":49,"column":8},"end":{"line":51,"column":9}},"type":"if","locations":[{"start":{"line":49,"column":8},"end":{"line":51,"column":9}},{"start":{},"end":{}}]},"4":{"loc":{"start":{"line":53,"column":21},"end":{"line":53,"column":102}},"type":"binary-expr","locations":[{"start":{"line":53,"column":21},"end":{"line":53,"column":86}},{"start":{"line":53,"column":90},"end":{"line":53,"column":102}}]},"5":{"loc":{"start":{"line":53,"column":24},"end":{"line":53,"column":49}},"type":"binary-expr","locations":[{"start":{"line":53,"column":24},"end":{"line":53,"column":43}},{"start":{"line":53,"column":47},"end":{"line":53,"column":49}}]},"6":{"loc":{"start":{"line":53,"column":53},"end":{"line":53,"column":77}},"type":"binary-expr","locations":[{"start":{"line":53,"column":53},"end":{"line":53,"column":71}},{"start":{"line":53,"column":75},"end":{"line":53,"column":77}}]},"7":{"loc":{"start":{"line":75,"column":8},"end":{"line":77,"column":9}},"type":"if","locations":[{"start":{"line":75,"column":8},"end":{"line":77,"column":9}},{"start":{},"end":{}}]}},"s":{"0":0,"1":0,"2":0,"3":0,"4":0,"5":0,"6":0,"7":0,"8":0,"9":0,"10":0,"11":0,"12":0,"13":0,"14":0,"15":0,"16":0,"17":0,"18":0,"19":0,"20":0,"21":0,"22":0,"23":0,"24":0,"25":0,"26":0,"27":0,"28":0,"29":0,"30":0,"31":0,"32":0,"33":0,"34":0},"f":{"0":0,"1":0},"b":{"0":[0,0],"1":[0,0],"2":[0,0],"3":[0,0],"4":[0,0],"5":[0,0],"6":[0,0],"7":[0,0]}}
,"C:\\Users\\billa\\OneDrive\\Área de Trabalho\\TrabalhoPraticas\\Trabalho de Praticas\\trabalho_praticas\\apps\\backend\\src\\modules\\auth\\jwt.guard.ts": {"path":"C:\\Users\\billa\\OneDrive\\Área de Trabalho\\TrabalhoPraticas\\Trabalho de Praticas\\trabalho_praticas\\apps\\backend\\src\\modules\\auth\\jwt.guard.ts","statementMap":{"0":{"start":{"line":1,"column":0},"end":{"line":1,"column":44}},"1":{"start":{"line":2,"column":0},"end":{"line":2,"column":45}},"2":{"start":{"line":5,"column":7},"end":{"line":9,"column":null}},"3":{"start":{"line":7,"column":4},"end":{"line":7,"column":12}},"4":{"start":{"line":5,"column":13},"end":{"line":5,"column":25}},"5":{"start":{"line":5,"column":13},"end":{"line":9,"column":null}},"6":{"start":{"line":12,"column":7},"end":{"line":16,"column":null}},"7":{"start":{"line":14,"column":4},"end":{"line":14,"column":12}},"8":{"start":{"line":12,"column":13},"end":{"line":12,"column":27}},"9":{"start":{"line":12,"column":13},"end":{"line":16,"column":null}}},"fnMap":{"0":{"name":"(anonymous_2)","decl":{"start":{"line":6,"column":2},"end":{"line":6,"column":null}},"loc":{"start":{"line":6,"column":2},"end":{"line":8,"column":3}}},"1":{"name":"(anonymous_3)","decl":{"start":{"line":13,"column":2},"end":{"line":13,"column":null}},"loc":{"start":{"line":13,"column":2},"end":{"line":15,"column":3}}}},"branchMap":{},"s":{"0":0,"1":0,"2":0,"3":0,"4":0,"5":0,"6":0,"7":0,"8":0,"9":0},"f":{"0":0,"1":0},"b":{}}
,"C:\\Users\\billa\\OneDrive\\Área de Trabalho\\TrabalhoPraticas\\Trabalho de Praticas\\trabalho_praticas\\apps\\backend\\src\\modules\\auth\\jwt.strategy.ts": {"path":"C:\\Users\\billa\\OneDrive\\Área de Trabalho\\TrabalhoPraticas\\Trabalho de Praticas\\trabalho_praticas\\apps\\backend\\src\\modules\\auth\\jwt.strategy.ts","statementMap":{"0":{"start":{"line":1,"column":0},"end":{"line":1,"column":67}},"1":{"start":{"line":2,"column":0},"end":{"line":2,"column":52}},"2":{"start":{"line":3,"column":0},"end":{"line":3,"column":52}},"3":{"start":{"line":4,"column":0},"end":{"line":4,"column":62}},"4":{"start":{"line":7,"column":7},"end":{"line":23,"column":null}},"5":{"start":{"line":9,"column":4},"end":{"line":13,"column":7}},"6":{"start":{"line":8,"column":31},"end":{"line":8,"column":39}},"7":{"start":{"line":17,"column":17},"end":{"line":19,"column":6}},"8":{"start":{"line":20,"column":4},"end":{"line":20,"column":49}},"9":{"start":{"line":20,"column":15},"end":{"line":20,"column":49}},"10":{"start":{"line":21,"column":4},"end":{"line":21,"column":63}},"11":{"start":{"line":7,"column":13},"end":{"line":7,"column":24}},"12":{"start":{"line":7,"column":13},"end":{"line":23,"column":null}}},"fnMap":{"0":{"name":"(anonymous_2)","decl":{"start":{"line":8,"column":2},"end":{"line":8,"column":31}},"loc":{"start":{"line":8,"column":52},"end":{"line":14,"column":3}}},"1":{"name":"(anonymous_3)","decl":{"start":{"line":16,"column":2},"end":{"line":16,"column":7}},"loc":{"start":{"line":16,"column":56},"end":{"line":22,"column":3}}}},"branchMap":{"0":{"loc":{"start":{"line":12,"column":19},"end":{"line":12,"column":71}},"type":"binary-expr","locations":[{"start":{"line":12,"column":19},"end":{"line":12,"column":41}},{"start":{"line":12,"column":45},"end":{"line":12,"column":71}}]},"1":{"loc":{"start":{"line":20,"column":4},"end":{"line":20,"column":49}},"type":"if","locations":[{"start":{"line":20,"column":4},"end":{"line":20,"column":49}},{"start":{},"end":{}}]}},"s":{"0":0,"1":0,"2":0,"3":0,"4":0,"5":0,"6":0,"7":0,"8":0,"9":0,"10":0,"11":0,"12":0},"f":{"0":0,"1":0},"b":{"0":[0,0],"1":[0,0]}}
,"C:\\Users\\billa\\OneDrive\\Área de Trabalho\\TrabalhoPraticas\\Trabalho de Praticas\\trabalho_praticas\\apps\\backend\\src\\modules\\auth\\dto\\login.dto.ts": {"path":"C:\\Users\\billa\\OneDrive\\Área de Trabalho\\TrabalhoPraticas\\Trabalho de Praticas\\trabalho_praticas\\apps\\backend\\src\\modules\\auth\\dto\\login.dto.ts","statementMap":{"0":{"start":{"line":1,"column":0},"end":{"line":1,"column":64}},"1":{"start":{"line":3,"column":0},"end":{"line":3,"column":13}},"2":{"start":{"line":5,"column":2},"end":{"line":5,"column":null}},"3":{"start":{"line":9,"column":2},"end":{"line":9,"column":null}}},"fnMap":{},"branchMap":{},"s":{"0":0,"1":0,"2":0,"3":0},"f":{},"b":{}}
,"C:\\Users\\billa\\OneDrive\\Área de Trabalho\\TrabalhoPraticas\\Trabalho de Praticas\\trabalho_praticas\\apps\\backend\\src\\modules\\auth\\dto\\register.dto.ts": {"path":"C:\\Users\\billa\\OneDrive\\Área de Trabalho\\TrabalhoPraticas\\Trabalho de Praticas\\trabalho_praticas\\apps\\backend\\src\\modules\\auth\\dto\\register.dto.ts","statementMap":{"0":{"start":{"line":1,"column":0},"end":{"line":1,"column":75}},"1":{"start":{"line":3,"column":0},"end":{"line":3,"column":13}},"2":{"start":{"line":6,"column":2},"end":{"line":6,"column":null}},"3":{"start":{"line":9,"column":2},"end":{"line":9,"column":null}},"4":{"start":{"line":13,"column":2},"end":{"line":13,"column":null}}},"fnMap":{},"branchMap":{},"s":{"0":0,"1":0,"2":0,"3":0,"4":0},"f":{},"b":{}}
,"C:\\Users\\billa\\OneDrive\\Área de Trabalho\\TrabalhoPraticas\\Trabalho de Praticas\\trabalho_praticas\\apps\\backend\\src\\modules\\auth\\dto\\update-password.dto.ts": {"path":"C:\\Users\\billa\\OneDrive\\Área de Trabalho\\TrabalhoPraticas\\Trabalho de Praticas\\trabalho_praticas\\apps\\backend\\src\\modules\\auth\\dto\\update-password.dto.ts","statementMap":{"0":{"start":{"line":1,"column":0},"end":{"line":1,"column":54}},"1":{"start":{"line":3,"column":0},"end":{"line":3,"column":13}},"2":{"start":{"line":6,"column":2},"end":{"line":6,"column":null}},"3":{"start":{"line":10,"column":2},"end":{"line":10,"column":null}}},"fnMap":{},"branchMap":{},"s":{"0":0,"1":0,"2":0,"3":0},"f":{},"b":{}}
,"C:\\Users\\billa\\OneDrive\\Área de Trabalho\\TrabalhoPraticas\\Trabalho de Praticas\\trabalho_praticas\\apps\\backend\\src\\modules\\chat\\chat.controller.ts": {"path":"C:\\Users\\billa\\OneDrive\\Área de Trabalho\\TrabalhoPraticas\\Trabalho de Praticas\\trabalho_praticas\\apps\\backend\\src\\modules\\chat\\chat.controller.ts","statementMap":{"0":{"start":{"line":1,"column":0},"end":{"line":1,"column":null}},"1":{"start":{"line":10,"column":0},"end":{"line":10,"column":45}},"2":{"start":{"line":11,"column":0},"end":{"line":11,"column":56}},"3":{"start":{"line":12,"column":0},"end":{"line":12,"column":49}},"4":{"start":{"line":16,"column":7},"end":{"line":35,"column":null}},"5":{"start":{"line":17,"column":31},"end":{"line":17,"column":44}},"6":{"start":{"line":26,"column":19},"end":{"line":26,"column":30}},"7":{"start":{"line":27,"column":4},"end":{"line":27,"column":64}},"8":{"start":{"line":33,"column":4},"end":{"line":33,"column":96}},"9":{"start":{"line":16,"column":13},"end":{"line":16,"column":27}},"10":{"start":{"line":25,"column":8},"end":{"line":28,"column":null}},"11":{"start":{"line":32,"column":8},"end":{"line":34,"column":null}},"12":{"start":{"line":16,"column":13},"end":{"line":35,"column":null}}},"fnMap":{"0":{"name":"(anonymous_4)","decl":{"start":{"line":17,"column":2},"end":{"line":17,"column":31}},"loc":{"start":{"line":17,"column":55},"end":{"line":17,"column":59}}},"1":{"name":"(anonymous_5)","decl":{"start":{"line":25,"column":8},"end":{"line":25,"column":12}},"loc":{"start":{"line":25,"column":56},"end":{"line":28,"column":3}}},"2":{"name":"(anonymous_6)","decl":{"start":{"line":32,"column":8},"end":{"line":32,"column":18}},"loc":{"start":{"line":32,"column":46},"end":{"line":34,"column":3}}}},"branchMap":{},"s":{"0":0,"1":0,"2":0,"3":0,"4":0,"5":0,"6":0,"7":0,"8":0,"9":0,"10":0,"11":0,"12":0},"f":{"0":0,"1":0,"2":0},"b":{}}
,"C:\\Users\\billa\\OneDrive\\Área de Trabalho\\TrabalhoPraticas\\Trabalho de Praticas\\trabalho_praticas\\apps\\backend\\src\\modules\\chat\\chat.module.ts": {"path":"C:\\Users\\billa\\OneDrive\\Área de Trabalho\\TrabalhoPraticas\\Trabalho de Praticas\\trabalho_praticas\\apps\\backend\\src\\modules\\chat\\chat.module.ts","statementMap":{"0":{"start":{"line":1,"column":0},"end":{"line":1,"column":40}},"1":{"start":{"line":2,"column":0},"end":{"line":2,"column":51}},"2":{"start":{"line":3,"column":0},"end":{"line":3,"column":45}},"3":{"start":{"line":4,"column":0},"end":{"line":4,"column":52}},"4":{"start":{"line":5,"column":0},"end":{"line":5,"column":61}},"5":{"start":{"line":6,"column":0},"end":{"line":6,"column":62}},"6":{"start":{"line":13,"column":7},"end":{"line":13,"column":null}},"7":{"start":{"line":13,"column":13},"end":{"line":13,"column":23}},"8":{"start":{"line":13,"column":13},"end":{"line":13,"column":null}}},"fnMap":{},"branchMap":{},"s":{"0":0,"1":0,"2":0,"3":0,"4":0,"5":0,"6":0,"7":0,"8":0},"f":{},"b":{}}
,"C:\\Users\\billa\\OneDrive\\Área de Trabalho\\TrabalhoPraticas\\Trabalho de Praticas\\trabalho_praticas\\apps\\backend\\src\\modules\\chat\\chat.service.ts": {"path":"C:\\Users\\billa\\OneDrive\\Área de Trabalho\\TrabalhoPraticas\\Trabalho de Praticas\\trabalho_praticas\\apps\\backend\\src\\modules\\chat\\chat.service.ts","statementMap":{"0":{"start":{"line":1,"column":0},"end":{"line":1,"column":null}},"1":{"start":{"line":7,"column":0},"end":{"line":7,"column":47}},"2":{"start":{"line":8,"column":0},"end":{"line":8,"column":76}},"3":{"start":{"line":9,"column":0},"end":{"line":9,"column":54}},"4":{"start":{"line":10,"column":0},"end":{"line":10,"column":63}},"5":{"start":{"line":11,"column":0},"end":{"line":11,"column":62}},"6":{"start":{"line":34,"column":22},"end":{"line":73,"column":8}},"7":{"start":{"line":76,"column":24},"end":{"line":360,"column":null}},"8":{"start":{"line":87,"column":21},"end":{"line":87,"column":29}},"9":{"start":{"line":88,"column":21},"end":{"line":88,"column":35}},"10":{"start":{"line":89,"column":21},"end":{"line":89,"column":38}},"11":{"start":{"line":90,"column":21},"end":{"line":90,"column":29}},"12":{"start":{"line":77,"column":19},"end":{"line":77,"column":57}},"13":{"start":{"line":79,"column":19},"end":{"line":84,"column":4}},"14":{"start":{"line":92,"column":19},"end":{"line":92,"column":68}},"15":{"start":{"line":93,"column":4},"end":{"line":93,"column":61}},"16":{"start":{"line":97,"column":4},"end":{"line":97,"column":57}},"17":{"start":{"line":99,"column":4},"end":{"line":129,"column":5}},"18":{"start":{"line":100,"column":25},"end":{"line":100,"column":67}},"19":{"start":{"line":101,"column":6},"end":{"line":101,"column":81}},"20":{"start":{"line":103,"column":22},"end":{"line":103,"column":24}},"21":{"start":{"line":106,"column":6},"end":{"line":119,"column":7}},"22":{"start":{"line":107,"column":8},"end":{"line":109,"column":9}},"23":{"start":{"line":108,"column":10},"end":{"line":108,"column":19}},"24":{"start":{"line":111,"column":8},"end":{"line":118,"column":9}},"25":{"start":{"line":112,"column":10},"end":{"line":112,"column":40}},"26":{"start":{"line":113,"column":25},"end":{"line":113,"column":67}},"27":{"start":{"line":114,"column":10},"end":{"line":114,"column":31}},"28":{"start":{"line":116,"column":10},"end":{"line":116,"column":86}},"29":{"start":{"line":121,"column":6},"end":{"line":125,"column":8}},"30":{"start":{"line":127,"column":6},"end":{"line":127,"column":55}},"31":{"start":{"line":128,"column":6},"end":{"line":128,"column":16}},"32":{"start":{"line":133,"column":19},"end":{"line":133,"column":66}},"33":{"start":{"line":134,"column":34},"end":{"line":134,"column":38}},"34":{"start":{"line":136,"column":4},"end":{"line":146,"column":5}},"35":{"start":{"line":137,"column":6},"end":{"line":145,"column":7}},"36":{"start":{"line":138,"column":22},"end":{"line":138,"column":73}},"37":{"start":{"line":139,"column":23},"end":{"line":139,"column":58}},"38":{"start":{"line":140,"column":21},"end":{"line":140,"column":43}},"39":{"start":{"line":141,"column":8},"end":{"line":141,"column":36}},"40":{"start":{"line":143,"column":8},"end":{"line":143,"column":78}},"41":{"start":{"line":144,"column":8},"end":{"line":144,"column":24}},"42":{"start":{"line":148,"column":4},"end":{"line":148,"column":101}},"43":{"start":{"line":152,"column":22},"end":{"line":152,"column":46}},"44":{"start":{"line":153,"column":20},"end":{"line":153,"column":50}},"45":{"start":{"line":155,"column":4},"end":{"line":164,"column":5}},"46":{"start":{"line":156,"column":21},"end":{"line":156,"column":40}},"47":{"start":{"line":158,"column":6},"end":{"line":158,"column":49}},"48":{"start":{"line":158,"column":28},"end":{"line":158,"column":49}},"49":{"start":{"line":159,"column":6},"end":{"line":159,"column":79}},"50":{"start":{"line":159,"column":43},"end":{"line":159,"column":79}},"51":{"start":{"line":160,"column":6},"end":{"line":160,"column":20}},"52":{"start":{"line":162,"column":6},"end":{"line":162,"column":60}},"53":{"start":{"line":163,"column":6},"end":{"line":163,"column":114}},"54":{"start":{"line":170,"column":37},"end":{"line":170,"column":75}},"55":{"start":{"line":171,"column":38},"end":{"line":171,"column":57}},"56":{"start":{"line":173,"column":4},"end":{"line":175,"column":5}},"57":{"start":{"line":174,"column":6},"end":{"line":174,"column":68}},"58":{"start":{"line":176,"column":4},"end":{"line":178,"column":5}},"59":{"start":{"line":177,"column":6},"end":{"line":177,"column":72}},"60":{"start":{"line":181,"column":4},"end":{"line":185,"column":5}},"61":{"start":{"line":182,"column":6},"end":{"line":184,"column":7}},"62":{"start":{"line":183,"column":8},"end":{"line":183,"column":88}},"63":{"start":{"line":186,"column":4},"end":{"line":190,"column":5}},"64":{"start":{"line":187,"column":6},"end":{"line":189,"column":7}},"65":{"start":{"line":188,"column":8},"end":{"line":188,"column":86}},"66":{"start":{"line":196,"column":4},"end":{"line":223,"column":5}},"67":{"start":{"line":198,"column":8},"end":{"line":198,"column":55}},"68":{"start":{"line":201,"column":8},"end":{"line":201,"column":57}},"69":{"start":{"line":204,"column":8},"end":{"line":204,"column":74}},"70":{"start":{"line":207,"column":8},"end":{"line":207,"column":58}},"71":{"start":{"line":210,"column":8},"end":{"line":210,"column":58}},"72":{"start":{"line":213,"column":8},"end":{"line":213,"column":41}},"73":{"start":{"line":216,"column":8},"end":{"line":216,"column":77}},"74":{"start":{"line":219,"column":8},"end":{"line":219,"column":61}},"75":{"start":{"line":222,"column":8},"end":{"line":222,"column":84}},"76":{"start":{"line":229,"column":20},"end":{"line":229,"column":34}},"77":{"start":{"line":232,"column":4},"end":{"line":234,"column":5}},"78":{"start":{"line":233,"column":6},"end":{"line":233,"column":72}},"79":{"start":{"line":236,"column":4},"end":{"line":243,"column":7}},"80":{"start":{"line":247,"column":4},"end":{"line":250,"column":7}},"81":{"start":{"line":255,"column":19},"end":{"line":255,"column":82}},"82":{"start":{"line":256,"column":4},"end":{"line":260,"column":5}},"83":{"start":{"line":257,"column":6},"end":{"line":259,"column":8}},"84":{"start":{"line":262,"column":20},"end":{"line":262,"column":34}},"85":{"start":{"line":263,"column":4},"end":{"line":265,"column":5}},"86":{"start":{"line":264,"column":6},"end":{"line":264,"column":72}},"87":{"start":{"line":267,"column":4},"end":{"line":274,"column":7}},"88":{"start":{"line":279,"column":4},"end":{"line":287,"column":5}},"89":{"start":{"line":280,"column":24},"end":{"line":280,"column":80}},"90":{"start":{"line":281,"column":6},"end":{"line":286,"column":7}},"91":{"start":{"line":282,"column":24},"end":{"line":284,"column":10}},"92":{"start":{"line":285,"column":8},"end":{"line":285,"column":100}},"93":{"start":{"line":289,"column":19},"end":{"line":289,"column":82}},"94":{"start":{"line":290,"column":4},"end":{"line":295,"column":5}},"95":{"start":{"line":291,"column":25},"end":{"line":291,"column":88}},"96":{"start":{"line":292,"column":6},"end":{"line":294,"column":8}},"97":{"start":{"line":296,"column":4},"end":{"line":296,"column":52}},"98":{"start":{"line":300,"column":4},"end":{"line":300,"column":28}},"99":{"start":{"line":300,"column":16},"end":{"line":300,"column":28}},"100":{"start":{"line":301,"column":17},"end":{"line":307,"column":6}},"101":{"start":{"line":308,"column":4},"end":{"line":308,"column":28}},"102":{"start":{"line":314,"column":4},"end":{"line":318,"column":7}},"103":{"start":{"line":322,"column":4},"end":{"line":322,"column":48}},"104":{"start":{"line":326,"column":22},"end":{"line":326,"column":87}},"105":{"start":{"line":327,"column":4},"end":{"line":331,"column":5}},"106":{"start":{"line":328,"column":6},"end":{"line":330,"column":8}},"107":{"start":{"line":332,"column":4},"end":{"line":336,"column":7}},"108":{"start":{"line":340,"column":22},"end":{"line":340,"column":87}},"109":{"start":{"line":341,"column":4},"end":{"line":345,"column":5}},"110":{"start":{"line":342,"column":6},"end":{"line":344,"column":8}},"111":{"start":{"line":346,"column":4},"end":{"line":346,"column":58}},"112":{"start":{"line":350,"column":4},"end":{"line":350,"column":27}},"113":{"start":{"line":350,"column":15},"end":{"line":350,"column":27}},"114":{"start":{"line":351,"column":20},"end":{"line":357,"column":6}},"115":{"start":{"line":358,"column":4},"end":{"line":358,"column":31}},"116":{"start":{"line":76,"column":13},"end":{"line":76,"column":24}},"117":{"start":{"line":76,"column":13},"end":{"line":360,"column":null}}},"fnMap":{"0":{"name":"(anonymous_2)","decl":{"start":{"line":86,"column":2},"end":{"line":86,"column":null}},"loc":{"start":{"line":90,"column":42},"end":{"line":94,"column":3}}},"1":{"name":"(anonymous_3)","decl":{"start":{"line":96,"column":2},"end":{"line":96,"column":7}},"loc":{"start":{"line":96,"column":54},"end":{"line":130,"column":3}}},"2":{"name":"(anonymous_4)","decl":{"start":{"line":132,"column":10},"end":{"line":132,"column":15}},"loc":{"start":{"line":132,"column":58},"end":{"line":149,"column":3}}},"3":{"name":"(anonymous_5)","decl":{"start":{"line":151,"column":10},"end":{"line":151,"column":19}},"loc":{"start":{"line":151,"column":31},"end":{"line":165,"column":3}}},"4":{"name":"(anonymous_6)","decl":{"start":{"line":169,"column":10},"end":{"line":169,"column":25}},"loc":{"start":{"line":169,"column":40},"end":{"line":191,"column":3}}},"5":{"name":"(anonymous_7)","decl":{"start":{"line":195,"column":10},"end":{"line":195,"column":15}},"loc":{"start":{"line":195,"column":61},"end":{"line":224,"column":3}}},"6":{"name":"(anonymous_8)","decl":{"start":{"line":228,"column":10},"end":{"line":228,"column":15}},"loc":{"start":{"line":228,"column":68},"end":{"line":244,"column":3}}},"7":{"name":"(anonymous_9)","decl":{"start":{"line":246,"column":10},"end":{"line":246,"column":15}},"loc":{"start":{"line":246,"column":70},"end":{"line":251,"column":3}}},"8":{"name":"(anonymous_10)","decl":{"start":{"line":253,"column":10},"end":{"line":253,"column":15}},"loc":{"start":{"line":253,"column":98},"end":{"line":275,"column":3}}},"9":{"name":"(anonymous_11)","decl":{"start":{"line":277,"column":10},"end":{"line":277,"column":15}},"loc":{"start":{"line":277,"column":71},"end":{"line":297,"column":3}}},"10":{"name":"(anonymous_12)","decl":{"start":{"line":299,"column":10},"end":{"line":299,"column":15}},"loc":{"start":{"line":299,"column":60},"end":{"line":309,"column":3}}},"11":{"name":"(anonymous_13)","decl":{"start":{"line":313,"column":10},"end":{"line":313,"column":15}},"loc":{"start":{"line":313,"column":71},"end":{"line":319,"column":3}}},"12":{"name":"(anonymous_14)","decl":{"start":{"line":321,"column":10},"end":{"line":321,"column":15}},"loc":{"start":{"line":321,"column":43},"end":{"line":323,"column":3}}},"13":{"name":"(anonymous_15)","decl":{"start":{"line":325,"column":10},"end":{"line":325,"column":15}},"loc":{"start":{"line":325,"column":101},"end":{"line":337,"column":3}}},"14":{"name":"(anonymous_16)","decl":{"start":{"line":339,"column":10},"end":{"line":339,"column":15}},"loc":{"start":{"line":339,"column":74},"end":{"line":347,"column":3}}},"15":{"name":"(anonymous_17)","decl":{"start":{"line":349,"column":10},"end":{"line":349,"column":15}},"loc":{"start":{"line":349,"column":62},"end":{"line":359,"column":3}}}},"branchMap":{"0":{"loc":{"start":{"line":93,"column":40},"end":{"line":93,"column":59}},"type":"binary-expr","locations":[{"start":{"line":93,"column":40},"end":{"line":93,"column":46}},{"start":{"line":93,"column":50},"end":{"line":93,"column":59}}]},"1":{"loc":{"start":{"line":107,"column":8},"end":{"line":109,"column":9}},"type":"if","locations":[{"start":{"line":107,"column":8},"end":{"line":109,"column":9}},{"start":{},"end":{}}]},"2":{"loc":{"start":{"line":107,"column":12},"end":{"line":107,"column":73}},"type":"binary-expr","locations":[{"start":{"line":107,"column":12},"end":{"line":107,"column":40}},{"start":{"line":107,"column":44},"end":{"line":107,"column":73}}]},"3":{"loc":{"start":{"line":122,"column":15},"end":{"line":122,"column":63}},"type":"binary-expr","locations":[{"start":{"line":122,"column":15},"end":{"line":122,"column":42}},{"start":{"line":122,"column":46},"end":{"line":122,"column":63}}]},"4":{"loc":{"start":{"line":153,"column":20},"end":{"line":153,"column":50}},"type":"cond-expr","locations":[{"start":{"line":153,"column":32},"end":{"line":153,"column":44}},{"start":{"line":153,"column":47},"end":{"line":153,"column":50}}]},"5":{"loc":{"start":{"line":158,"column":6},"end":{"line":158,"column":49}},"type":"if","locations":[{"start":{"line":158,"column":6},"end":{"line":158,"column":49}},{"start":{},"end":{}}]},"6":{"loc":{"start":{"line":159,"column":6},"end":{"line":159,"column":79}},"type":"if","locations":[{"start":{"line":159,"column":6},"end":{"line":159,"column":79}},{"start":{},"end":{}}]},"7":{"loc":{"start":{"line":173,"column":4},"end":{"line":175,"column":5}},"type":"if","locations":[{"start":{"line":173,"column":4},"end":{"line":175,"column":5}},{"start":{},"end":{}}]},"8":{"loc":{"start":{"line":176,"column":4},"end":{"line":178,"column":5}},"type":"if","locations":[{"start":{"line":176,"column":4},"end":{"line":178,"column":5}},{"start":{},"end":{}}]},"9":{"loc":{"start":{"line":181,"column":4},"end":{"line":185,"column":5}},"type":"if","locations":[{"start":{"line":181,"column":4},"end":{"line":185,"column":5}},{"start":{},"end":{}}]},"10":{"loc":{"start":{"line":181,"column":8},"end":{"line":181,"column":56}},"type":"binary-expr","locations":[{"start":{"line":181,"column":8},"end":{"line":181,"column":31}},{"start":{"line":181,"column":35},"end":{"line":181,"column":56}}]},"11":{"loc":{"start":{"line":182,"column":6},"end":{"line":184,"column":7}},"type":"if","locations":[{"start":{"line":182,"column":6},"end":{"line":184,"column":7}},{"start":{},"end":{}}]},"12":{"loc":{"start":{"line":186,"column":4},"end":{"line":190,"column":5}},"type":"if","locations":[{"start":{"line":186,"column":4},"end":{"line":190,"column":5}},{"start":{},"end":{}}]},"13":{"loc":{"start":{"line":186,"column":8},"end":{"line":186,"column":59}},"type":"binary-expr","locations":[{"start":{"line":186,"column":8},"end":{"line":186,"column":31}},{"start":{"line":186,"column":35},"end":{"line":186,"column":59}}]},"14":{"loc":{"start":{"line":187,"column":6},"end":{"line":189,"column":7}},"type":"if","locations":[{"start":{"line":187,"column":6},"end":{"line":189,"column":7}},{"start":{},"end":{}}]},"15":{"loc":{"start":{"line":196,"column":4},"end":{"line":223,"column":5}},"type":"switch","locations":[{"start":{"line":197,"column":6},"end":{"line":198,"column":55}},{"start":{"line":200,"column":6},"end":{"line":201,"column":57}},{"start":{"line":203,"column":6},"end":{"line":204,"column":74}},{"start":{"line":206,"column":6},"end":{"line":207,"column":58}},{"start":{"line":209,"column":6},"end":{"line":210,"column":58}},{"start":{"line":212,"column":6},"end":{"line":213,"column":41}},{"start":{"line":215,"column":6},"end":{"line":216,"column":77}},{"start":{"line":218,"column":6},"end":{"line":219,"column":61}},{"start":{"line":221,"column":6},"end":{"line":222,"column":84}}]},"16":{"loc":{"start":{"line":198,"column":39},"end":{"line":198,"column":53}},"type":"binary-expr","locations":[{"start":{"line":198,"column":39},"end":{"line":198,"column":47}},{"start":{"line":198,"column":51},"end":{"line":198,"column":53}}]},"17":{"loc":{"start":{"line":201,"column":38},"end":{"line":201,"column":55}},"type":"binary-expr","locations":[{"start":{"line":201,"column":38},"end":{"line":201,"column":49}},{"start":{"line":201,"column":53},"end":{"line":201,"column":55}}]},"18":{"loc":{"start":{"line":204,"column":39},"end":{"line":204,"column":56}},"type":"binary-expr","locations":[{"start":{"line":204,"column":39},"end":{"line":204,"column":50}},{"start":{"line":204,"column":54},"end":{"line":204,"column":56}}]},"19":{"loc":{"start":{"line":204,"column":58},"end":{"line":204,"column":72}},"type":"binary-expr","locations":[{"start":{"line":204,"column":58},"end":{"line":204,"column":66}},{"start":{"line":204,"column":70},"end":{"line":204,"column":72}}]},"20":{"loc":{"start":{"line":207,"column":39},"end":{"line":207,"column":56}},"type":"binary-expr","locations":[{"start":{"line":207,"column":39},"end":{"line":207,"column":50}},{"start":{"line":207,"column":54},"end":{"line":207,"column":56}}]},"21":{"loc":{"start":{"line":210,"column":42},"end":{"line":210,"column":56}},"type":"binary-expr","locations":[{"start":{"line":210,"column":42},"end":{"line":210,"column":50}},{"start":{"line":210,"column":54},"end":{"line":210,"column":56}}]},"22":{"loc":{"start":{"line":216,"column":42},"end":{"line":216,"column":59}},"type":"binary-expr","locations":[{"start":{"line":216,"column":42},"end":{"line":216,"column":53}},{"start":{"line":216,"column":57},"end":{"line":216,"column":59}}]},"23":{"loc":{"start":{"line":216,"column":61},"end":{"line":216,"column":75}},"type":"binary-expr","locations":[{"start":{"line":216,"column":61},"end":{"line":216,"column":69}},{"start":{"line":216,"column":73},"end":{"line":216,"column":75}}]},"24":{"loc":{"start":{"line":219,"column":42},"end":{"line":219,"column":59}},"type":"binary-expr","locations":[{"start":{"line":219,"column":42},"end":{"line":219,"column":53}},{"start":{"line":219,"column":57},"end":{"line":219,"column":59}}]},"25":{"loc":{"start":{"line":232,"column":4},"end":{"line":234,"column":5}},"type":"if","locations":[{"start":{"line":232,"column":4},"end":{"line":234,"column":5}},{"start":{},"end":{}}]},"26":{"loc":{"start":{"line":232,"column":8},"end":{"line":232,"column":38}},"type":"binary-expr","locations":[{"start":{"line":232,"column":8},"end":{"line":232,"column":18}},{"start":{"line":232,"column":22},"end":{"line":232,"column":38}}]},"27":{"loc":{"start":{"line":242,"column":17},"end":{"line":242,"column":39}},"type":"binary-expr","locations":[{"start":{"line":242,"column":17},"end":{"line":242,"column":26}},{"start":{"line":242,"column":30},"end":{"line":242,"column":39}}]},"28":{"loc":{"start":{"line":255,"column":19},"end":{"line":255,"column":82}},"type":"binary-expr","locations":[{"start":{"line":255,"column":19},"end":{"line":255,"column":29}},{"start":{"line":255,"column":34},"end":{"line":255,"column":81}}]},"29":{"loc":{"start":{"line":256,"column":4},"end":{"line":260,"column":5}},"type":"if","locations":[{"start":{"line":256,"column":4},"end":{"line":260,"column":5}},{"start":{},"end":{}}]},"30":{"loc":{"start":{"line":263,"column":4},"end":{"line":265,"column":5}},"type":"if","locations":[{"start":{"line":263,"column":4},"end":{"line":265,"column":5}},{"start":{},"end":{}}]},"31":{"loc":{"start":{"line":263,"column":8},"end":{"line":263,"column":38}},"type":"binary-expr","locations":[{"start":{"line":263,"column":8},"end":{"line":263,"column":18}},{"start":{"line":263,"column":22},"end":{"line":263,"column":38}}]},"32":{"loc":{"start":{"line":273,"column":17},"end":{"line":273,"column":39}},"type":"binary-expr","locations":[{"start":{"line":273,"column":17},"end":{"line":273,"column":26}},{"start":{"line":273,"column":30},"end":{"line":273,"column":39}}]},"33":{"loc":{"start":{"line":279,"column":4},"end":{"line":287,"column":5}},"type":"if","locations":[{"start":{"line":279,"column":4},"end":{"line":287,"column":5}},{"start":{},"end":{}}]},"34":{"loc":{"start":{"line":281,"column":6},"end":{"line":286,"column":7}},"type":"if","locations":[{"start":{"line":281,"column":6},"end":{"line":286,"column":7}},{"start":{},"end":{}}]},"35":{"loc":{"start":{"line":289,"column":19},"end":{"line":289,"column":82}},"type":"binary-expr","locations":[{"start":{"line":289,"column":19},"end":{"line":289,"column":29}},{"start":{"line":289,"column":34},"end":{"line":289,"column":81}}]},"36":{"loc":{"start":{"line":290,"column":4},"end":{"line":295,"column":5}},"type":"if","locations":[{"start":{"line":290,"column":4},"end":{"line":295,"column":5}},{"start":{},"end":{}}]},"37":{"loc":{"start":{"line":291,"column":25},"end":{"line":291,"column":88}},"type":"binary-expr","locations":[{"start":{"line":291,"column":25},"end":{"line":291,"column":38}},{"start":{"line":291,"column":42},"end":{"line":291,"column":61}},{"start":{"line":291,"column":65},"end":{"line":291,"column":88}}]},"38":{"loc":{"start":{"line":300,"column":4},"end":{"line":300,"column":28}},"type":"if","locations":[{"start":{"line":300,"column":4},"end":{"line":300,"column":28}},{"start":{},"end":{}}]},"39":{"loc":{"start":{"line":308,"column":11},"end":{"line":308,"column":27}},"type":"binary-expr","locations":[{"start":{"line":308,"column":11},"end":{"line":308,"column":19}},{"start":{"line":308,"column":23},"end":{"line":308,"column":27}}]},"40":{"loc":{"start":{"line":326,"column":22},"end":{"line":326,"column":87}},"type":"binary-expr","locations":[{"start":{"line":326,"column":22},"end":{"line":326,"column":32}},{"start":{"line":326,"column":37},"end":{"line":326,"column":86}}]},"41":{"loc":{"start":{"line":327,"column":4},"end":{"line":331,"column":5}},"type":"if","locations":[{"start":{"line":327,"column":4},"end":{"line":331,"column":5}},{"start":{},"end":{}}]},"42":{"loc":{"start":{"line":340,"column":22},"end":{"line":340,"column":87}},"type":"binary-expr","locations":[{"start":{"line":340,"column":22},"end":{"line":340,"column":32}},{"start":{"line":340,"column":37},"end":{"line":340,"column":86}}]},"43":{"loc":{"start":{"line":341,"column":4},"end":{"line":345,"column":5}},"type":"if","locations":[{"start":{"line":341,"column":4},"end":{"line":345,"column":5}},{"start":{},"end":{}}]},"44":{"loc":{"start":{"line":350,"column":4},"end":{"line":350,"column":27}},"type":"if","locations":[{"start":{"line":350,"column":4},"end":{"line":350,"column":27}},{"start":{},"end":{}}]},"45":{"loc":{"start":{"line":358,"column":11},"end":{"line":358,"column":30}},"type":"binary-expr","locations":[{"start":{"line":358,"column":11},"end":{"line":358,"column":22}},{"start":{"line":358,"column":26},"end":{"line":358,"column":30}}]}},"s":{"0":0,"1":0,"2":0,"3":0,"4":0,"5":0,"6":0,"7":0,"8":0,"9":0,"10":0,"11":0,"12":0,"13":0,"14":0,"15":0,"16":0,"17":0,"18":0,"19":0,"20":0,"21":0,"22":0,"23":0,"24":0,"25":0,"26":0,"27":0,"28":0,"29":0,"30":0,"31":0,"32":0,"33":0,"34":0,"35":0,"36":0,"37":0,"38":0,"39":0,"40":0,"41":0,"42":0,"43":0,"44":0,"45":0,"46":0,"47":0,"48":0,"49":0,"50":0,"51":0,"52":0,"53":0,"54":0,"55":0,"56":0,"57":0,"58":0,"59":0,"60":0,"61":0,"62":0,"63":0,"64":0,"65":0,"66":0,"67":0,"68":0,"69":0,"70":0,"71":0,"72":0,"73":0,"74":0,"75":0,"76":0,"77":0,"78":0,"79":0,"80":0,"81":0,"82":0,"83":0,"84":0,"85":0,"86":0,"87":0,"88":0,"89":0,"90":0,"91":0,"92":0,"93":0,"94":0,"95":0,"96":0,"97":0,"98":0,"99":0,"100":0,"101":0,"102":0,"103":0,"104":0,"105":0,"106":0,"107":0,"108":0,"109":0,"110":0,"111":0,"112":0,"113":0,"114":0,"115":0,"116":0,"117":0},"f":{"0":0,"1":0,"2":0,"3":0,"4":0,"5":0,"6":0,"7":0,"8":0,"9":0,"10":0,"11":0,"12":0,"13":0,"14":0,"15":0},"b":{"0":[0,0],"1":[0,0],"2":[0,0],"3":[0,0],"4":[0,0],"5":[0,0],"6":[0,0],"7":[0,0],"8":[0,0],"9":[0,0],"10":[0,0],"11":[0,0],"12":[0,0],"13":[0,0],"14":[0,0],"15":[0,0,0,0,0,0,0,0,0],"16":[0,0],"17":[0,0],"18":[0,0],"19":[0,0],"20":[0,0],"21":[0,0],"22":[0,0],"23":[0,0],"24":[0,0],"25":[0,0],"26":[0,0],"27":[0,0],"28":[0,0],"29":[0,0],"30":[0,0],"31":[0,0],"32":[0,0],"33":[0,0],"34":[0,0],"35":[0,0],"36":[0,0],"37":[0,0,0],"38":[0,0],"39":[0,0],"40":[0,0],"41":[0,0],"42":[0,0],"43":[0,0],"44":[0,0],"45":[0,0]}}
,"C:\\Users\\billa\\OneDrive\\Área de Trabalho\\TrabalhoPraticas\\Trabalho de Praticas\\trabalho_praticas\\apps\\backend\\src\\modules\\chat\\dto\\chat-message.dto.ts": {"path":"C:\\Users\\billa\\OneDrive\\Área de Trabalho\\TrabalhoPraticas\\Trabalho de Praticas\\trabalho_praticas\\apps\\backend\\src\\modules\\chat\\dto\\chat-message.dto.ts","statementMap":{"0":{"start":{"line":1,"column":0},"end":{"line":1,"column":66}},"1":{"start":{"line":3,"column":0},"end":{"line":3,"column":13}},"2":{"start":{"line":7,"column":2},"end":{"line":7,"column":null}}},"fnMap":{},"branchMap":{},"s":{"0":0,"1":0,"2":0},"f":{},"b":{}}
,"C:\\Users\\billa\\OneDrive\\Área de Trabalho\\TrabalhoPraticas\\Trabalho de Praticas\\trabalho_praticas\\apps\\backend\\src\\modules\\health\\health.controller.ts": {"path":"C:\\Users\\billa\\OneDrive\\Área de Trabalho\\TrabalhoPraticas\\Trabalho de Praticas\\trabalho_praticas\\apps\\backend\\src\\modules\\health\\health.controller.ts","statementMap":{"0":{"start":{"line":1,"column":0},"end":{"line":1,"column":49}},"1":{"start":{"line":4,"column":7},"end":{"line":14,"column":null}},"2":{"start":{"line":7,"column":4},"end":{"line":12,"column":6}},"3":{"start":{"line":4,"column":13},"end":{"line":4,"column":29}},"4":{"start":{"line":6,"column":2},"end":{"line":13,"column":null}},"5":{"start":{"line":4,"column":13},"end":{"line":14,"column":null}}},"fnMap":{"0":{"name":"(anonymous_2)","decl":{"start":{"line":6,"column":2},"end":{"line":6,"column":7}},"loc":{"start":{"line":6,"column":7},"end":{"line":13,"column":3}}}},"branchMap":{},"s":{"0":0,"1":0,"2":0,"3":0,"4":0,"5":0},"f":{"0":0},"b":{}}
,"C:\\Users\\billa\\OneDrive\\Área de Trabalho\\TrabalhoPraticas\\Trabalho de Praticas\\trabalho_praticas\\apps\\backend\\src\\modules\\health\\health.module.ts": {"path":"C:\\Users\\billa\\OneDrive\\Área de Trabalho\\TrabalhoPraticas\\Trabalho de Praticas\\trabalho_praticas\\apps\\backend\\src\\modules\\health\\health.module.ts","statementMap":{"0":{"start":{"line":1,"column":0},"end":{"line":1,"column":40}},"1":{"start":{"line":2,"column":0},"end":{"line":2,"column":55}},"2":{"start":{"line":7,"column":7},"end":{"line":7,"column":null}},"3":{"start":{"line":7,"column":13},"end":{"line":7,"column":25}},"4":{"start":{"line":7,"column":13},"end":{"line":7,"column":null}}},"fnMap":{},"branchMap":{},"s":{"0":0,"1":0,"2":0,"3":0,"4":0},"f":{},"b":{}}
,"C:\\Users\\billa\\OneDrive\\Área de Trabalho\\TrabalhoPraticas\\Trabalho de Praticas\\trabalho_praticas\\apps\\backend\\src\\modules\\mail\\mail.module.ts": {"path":"C:\\Users\\billa\\OneDrive\\Área de Trabalho\\TrabalhoPraticas\\Trabalho de Praticas\\trabalho_praticas\\apps\\backend\\src\\modules\\mail\\mail.module.ts","statementMap":{"0":{"start":{"line":1,"column":0},"end":{"line":1,"column":48}},"1":{"start":{"line":2,"column":0},"end":{"line":2,"column":45}},"2":{"start":{"line":9,"column":7},"end":{"line":9,"column":null}},"3":{"start":{"line":9,"column":13},"end":{"line":9,"column":23}},"4":{"start":{"line":9,"column":13},"end":{"line":9,"column":null}}},"fnMap":{},"branchMap":{},"s":{"0":0,"1":0,"2":0,"3":0,"4":0},"f":{},"b":{}}
,"C:\\Users\\billa\\OneDrive\\Área de Trabalho\\TrabalhoPraticas\\Trabalho de Praticas\\trabalho_praticas\\apps\\backend\\src\\modules\\mail\\mail.service.ts": {"path":"C:\\Users\\billa\\OneDrive\\Área de Trabalho\\TrabalhoPraticas\\Trabalho de Praticas\\trabalho_praticas\\apps\\backend\\src\\modules\\mail\\mail.service.ts","statementMap":{"0":{"start":{"line":1,"column":0},"end":{"line":1,"column":52}},"1":{"start":{"line":2,"column":0},"end":{"line":2,"column":47}},"2":{"start":{"line":3,"column":0},"end":{"line":3,"column":32}},"3":{"start":{"line":6,"column":24},"end":{"line":111,"column":null}},"4":{"start":{"line":11,"column":31},"end":{"line":11,"column":39}},"5":{"start":{"line":8,"column":19},"end":{"line":8,"column":57}},"6":{"start":{"line":9,"column":10},"end":{"line":9,"column":54}},"7":{"start":{"line":12,"column":19},"end":{"line":12,"column":60}},"8":{"start":{"line":13,"column":17},"end":{"line":13,"column":61}},"9":{"start":{"line":15,"column":4},"end":{"line":17,"column":5}},"10":{"start":{"line":16,"column":6},"end":{"line":16,"column":28}},"11":{"start":{"line":19,"column":4},"end":{"line":24,"column":5}},"12":{"start":{"line":20,"column":6},"end":{"line":20,"column":93}},"13":{"start":{"line":21,"column":6},"end":{"line":21,"column":39}},"14":{"start":{"line":23,"column":6},"end":{"line":23,"column":76}},"15":{"start":{"line":28,"column":4},"end":{"line":31,"column":5}},"16":{"start":{"line":29,"column":6},"end":{"line":29,"column":70}},"17":{"start":{"line":30,"column":6},"end":{"line":30,"column":13}},"18":{"start":{"line":34,"column":26},"end":{"line":34,"column":77}},"19":{"start":{"line":35,"column":20},"end":{"line":35,"column":39}},"20":{"start":{"line":37,"column":4},"end":{"line":47,"column":5}},"21":{"start":{"line":38,"column":19},"end":{"line":43,"column":8}},"22":{"start":{"line":44,"column":6},"end":{"line":44,"column":103}},"23":{"start":{"line":46,"column":6},"end":{"line":46,"column":80}},"24":{"start":{"line":51,"column":17},"end":{"line":64,"column":6}},"25":{"start":{"line":65,"column":4},"end":{"line":65,"column":83}},"26":{"start":{"line":69,"column":17},"end":{"line":79,"column":6}},"27":{"start":{"line":80,"column":4},"end":{"line":80,"column":71}},"28":{"start":{"line":84,"column":17},"end":{"line":94,"column":6}},"29":{"start":{"line":95,"column":4},"end":{"line":95,"column":71}},"30":{"start":{"line":99,"column":17},"end":{"line":108,"column":6}},"31":{"start":{"line":109,"column":4},"end":{"line":109,"column":69}},"32":{"start":{"line":6,"column":13},"end":{"line":6,"column":24}},"33":{"start":{"line":6,"column":13},"end":{"line":111,"column":null}}},"fnMap":{"0":{"name":"(anonymous_2)","decl":{"start":{"line":11,"column":2},"end":{"line":11,"column":31}},"loc":{"start":{"line":11,"column":52},"end":{"line":25,"column":3}}},"1":{"name":"(anonymous_3)","decl":{"start":{"line":27,"column":10},"end":{"line":27,"column":15}},"loc":{"start":{"line":27,"column":67},"end":{"line":48,"column":3}}},"2":{"name":"(anonymous_4)","decl":{"start":{"line":50,"column":2},"end":{"line":50,"column":7}},"loc":{"start":{"line":50,"column":49},"end":{"line":66,"column":3}}},"3":{"name":"(anonymous_5)","decl":{"start":{"line":68,"column":2},"end":{"line":68,"column":7}},"loc":{"start":{"line":68,"column":63},"end":{"line":81,"column":3}}},"4":{"name":"(anonymous_6)","decl":{"start":{"line":83,"column":2},"end":{"line":83,"column":7}},"loc":{"start":{"line":83,"column":80},"end":{"line":96,"column":3}}},"5":{"name":"(anonymous_7)","decl":{"start":{"line":98,"column":2},"end":{"line":98,"column":7}},"loc":{"start":{"line":98,"column":58},"end":{"line":110,"column":3}}}},"branchMap":{"0":{"loc":{"start":{"line":15,"column":4},"end":{"line":17,"column":5}},"type":"if","locations":[{"start":{"line":15,"column":4},"end":{"line":17,"column":5}},{"start":{},"end":{}}]},"1":{"loc":{"start":{"line":19,"column":4},"end":{"line":24,"column":5}},"type":"if","locations":[{"start":{"line":19,"column":4},"end":{"line":24,"column":5}},{"start":{"line":22,"column":11},"end":{"line":24,"column":5}}]},"2":{"loc":{"start":{"line":28,"column":4},"end":{"line":31,"column":5}},"type":"if","locations":[{"start":{"line":28,"column":4},"end":{"line":31,"column":5}},{"start":{},"end":{}}]},"3":{"loc":{"start":{"line":35,"column":20},"end":{"line":35,"column":39}},"type":"binary-expr","locations":[{"start":{"line":35,"column":20},"end":{"line":35,"column":33}},{"start":{"line":35,"column":37},"end":{"line":35,"column":39}}]},"4":{"loc":{"start":{"line":41,"column":17},"end":{"line":41,"column":72}},"type":"cond-expr","locations":[{"start":{"line":41,"column":33},"end":{"line":41,"column":62}},{"start":{"line":41,"column":65},"end":{"line":41,"column":72}}]},"5":{"loc":{"start":{"line":91,"column":12},"end":{"line":91,"column":90}},"type":"cond-expr","locations":[{"start":{"line":91,"column":26},"end":{"line":91,"column":85}},{"start":{"line":91,"column":88},"end":{"line":91,"column":90}}]}},"s":{"0":3,"1":3,"2":3,"3":3,"4":0,"5":0,"6":0,"7":0,"8":0,"9":0,"10":0,"11":0,"12":0,"13":0,"14":0,"15":0,"16":0,"17":0,"18":0,"19":0,"20":0,"21":0,"22":0,"23":0,"24":0,"25":0,"26":0,"27":0,"28":0,"29":0,"30":0,"31":0,"32":3,"33":3},"f":{"0":0,"1":0,"2":0,"3":0,"4":0,"5":0},"b":{"0":[0,0],"1":[0,0],"2":[0,0],"3":[0,0],"4":[0,0],"5":[0,0]}}
,"C:\\Users\\billa\\OneDrive\\Área de Trabalho\\TrabalhoPraticas\\Trabalho de Praticas\\trabalho_praticas\\apps\\backend\\src\\modules\\projects\\projects.controller.ts": {"path":"C:\\Users\\billa\\OneDrive\\Área de Trabalho\\TrabalhoPraticas\\Trabalho de Praticas\\trabalho_praticas\\apps\\backend\\src\\modules\\projects\\projects.controller.ts","statementMap":{"0":{"start":{"line":1,"column":0},"end":{"line":1,"column":null}},"1":{"start":{"line":12,"column":0},"end":{"line":12,"column":53}},"2":{"start":{"line":13,"column":0},"end":{"line":13,"column":60}},"3":{"start":{"line":14,"column":0},"end":{"line":14,"column":60}},"4":{"start":{"line":15,"column":0},"end":{"line":15,"column":49}},"5":{"start":{"line":19,"column":7},"end":{"line":65,"column":null}},"6":{"start":{"line":20,"column":31},"end":{"line":20,"column":48}},"7":{"start":{"line":24,"column":4},"end":{"line":43,"column":5}},"8":{"start":{"line":25,"column":19},"end":{"line":25,"column":92}},"9":{"start":{"line":26,"column":6},"end":{"line":26,"column":24}},"10":{"start":{"line":27,"column":6},"end":{"line":27,"column":26}},"11":{"start":{"line":29,"column":6},"end":{"line":33,"column":7}},"12":{"start":{"line":30,"column":23},"end":{"line":30,"column":61}},"13":{"start":{"line":31,"column":8},"end":{"line":31,"column":61}},"14":{"start":{"line":32,"column":8},"end":{"line":32,"column":32}},"15":{"start":{"line":35,"column":21},"end":{"line":35,"column":68}},"16":{"start":{"line":36,"column":6},"end":{"line":36,"column":84}},"17":{"start":{"line":37,"column":6},"end":{"line":37,"column":20}},"18":{"start":{"line":39,"column":23},"end":{"line":39,"column":99}},"19":{"start":{"line":40,"column":6},"end":{"line":40,"column":30}},"20":{"start":{"line":41,"column":6},"end":{"line":41,"column":43}},"21":{"start":{"line":42,"column":6},"end":{"line":42,"column":18}},"22":{"start":{"line":48,"column":4},"end":{"line":48,"column":57}},"23":{"start":{"line":53,"column":4},"end":{"line":53,"column":57}},"24":{"start":{"line":58,"column":4},"end":{"line":58,"column":61}},"25":{"start":{"line":63,"column":4},"end":{"line":63,"column":56}},"26":{"start":{"line":19,"column":13},"end":{"line":19,"column":31}},"27":{"start":{"line":23,"column":8},"end":{"line":44,"column":null}},"28":{"start":{"line":47,"column":2},"end":{"line":49,"column":null}},"29":{"start":{"line":52,"column":2},"end":{"line":54,"column":null}},"30":{"start":{"line":57,"column":2},"end":{"line":59,"column":null}},"31":{"start":{"line":62,"column":2},"end":{"line":64,"column":null}},"32":{"start":{"line":19,"column":13},"end":{"line":65,"column":null}}},"fnMap":{"0":{"name":"(anonymous_4)","decl":{"start":{"line":20,"column":2},"end":{"line":20,"column":31}},"loc":{"start":{"line":20,"column":63},"end":{"line":20,"column":67}}},"1":{"name":"(anonymous_5)","decl":{"start":{"line":23,"column":8},"end":{"line":23,"column":15}},"loc":{"start":{"line":23,"column":30},"end":{"line":44,"column":3}}},"2":{"name":"(anonymous_6)","decl":{"start":{"line":47,"column":2},"end":{"line":47,"column":9}},"loc":{"start":{"line":47,"column":49},"end":{"line":49,"column":3}}},"3":{"name":"(anonymous_7)","decl":{"start":{"line":52,"column":2},"end":{"line":52,"column":8}},"loc":{"start":{"line":52,"column":54},"end":{"line":54,"column":3}}},"4":{"name":"(anonymous_8)","decl":{"start":{"line":57,"column":2},"end":{"line":57,"column":8}},"loc":{"start":{"line":57,"column":79},"end":{"line":59,"column":3}}},"5":{"name":"(anonymous_9)","decl":{"start":{"line":62,"column":2},"end":{"line":62,"column":8}},"loc":{"start":{"line":62,"column":48},"end":{"line":64,"column":3}}}},"branchMap":{"0":{"loc":{"start":{"line":29,"column":6},"end":{"line":33,"column":7}},"type":"if","locations":[{"start":{"line":29,"column":6},"end":{"line":33,"column":7}},{"start":{},"end":{}}]},"1":{"loc":{"start":{"line":36,"column":52},"end":{"line":36,"column":71}},"type":"binary-expr","locations":[{"start":{"line":36,"column":52},"end":{"line":36,"column":66}},{"start":{"line":36,"column":70},"end":{"line":36,"column":71}}]}},"s":{"0":0,"1":0,"2":0,"3":0,"4":0,"5":0,"6":0,"7":0,"8":0,"9":0,"10":0,"11":0,"12":0,"13":0,"14":0,"15":0,"16":0,"17":0,"18":0,"19":0,"20":0,"21":0,"22":0,"23":0,"24":0,"25":0,"26":0,"27":0,"28":0,"29":0,"30":0,"31":0,"32":0},"f":{"0":0,"1":0,"2":0,"3":0,"4":0,"5":0},"b":{"0":[0,0],"1":[0,0]}}
,"C:\\Users\\billa\\OneDrive\\Área de Trabalho\\TrabalhoPraticas\\Trabalho de Praticas\\trabalho_praticas\\apps\\backend\\src\\modules\\projects\\projects.module.ts": {"path":"C:\\Users\\billa\\OneDrive\\Área de Trabalho\\TrabalhoPraticas\\Trabalho de Praticas\\trabalho_praticas\\apps\\backend\\src\\modules\\projects\\projects.module.ts","statementMap":{"0":{"start":{"line":1,"column":0},"end":{"line":1,"column":40}},"1":{"start":{"line":2,"column":0},"end":{"line":2,"column":53}},"2":{"start":{"line":3,"column":0},"end":{"line":3,"column":59}},"3":{"start":{"line":4,"column":0},"end":{"line":4,"column":62}},"4":{"start":{"line":5,"column":0},"end":{"line":5,"column":49}},"5":{"start":{"line":13,"column":7},"end":{"line":13,"column":null}},"6":{"start":{"line":13,"column":13},"end":{"line":13,"column":27}},"7":{"start":{"line":13,"column":13},"end":{"line":13,"column":null}}},"fnMap":{},"branchMap":{},"s":{"0":0,"1":0,"2":0,"3":0,"4":0,"5":0,"6":0,"7":0},"f":{},"b":{}}
[...]
,"C:\\Users\\billa\\OneDrive\\Área de Trabalho\\TrabalhoPraticas\\Trabalho de Praticas\\trabalho_praticas\\apps\\backend\\src\\modules\\projects\\dto\\create-project.dto.ts": {"path":"C:\\Users\\billa\\OneDrive\\Área de Trabalho\\TrabalhoPraticas\\Trabalho de Praticas\\trabalho_praticas\\apps\\backend\\src\\modules\\projects\\dto\\create-project.dto.ts","statementMap":{"0":{"start":{"line":1,"column":0},"end":{"line":1,"column":67}},"1":{"start":{"line":3,"column":0},"end":{"line":3,"column":13}},"2":{"start":{"line":6,"column":2},"end":{"line":6,"column":null}},"3":{"start":{"line":10,"column":2},"end":{"line":10,"column":null}},"4":{"start":{"line":14,"column":2},"end":{"line":14,"column":null}}},"fnMap":{},"branchMap":{},"s":{"0":0,"1":0,"2":0,"3":0,"4":0},"f":{},"b":{}}
,"C:\\Users\\billa\\OneDrive\\Área de Trabalho\\TrabalhoPraticas\\Trabalho de Praticas\\trabalho_praticas\\apps\\backend\\src\\modules\\projects\\dto\\update-project.dto.ts": {"path":"C:\\Users\\billa\\OneDrive\\Área de Trabalho\\TrabalhoPraticas\\Trabalho de Praticas\\trabalho_praticas\\apps\\backend\\src\\modules\\projects\\dto\\update-project.dto.ts","statementMap":{"0":{"start":{"line":1,"column":0},"end":{"line":1,"column":51}},"1":{"start":{"line":2,"column":0},"end":{"line":2,"column":56}},"2":{"start":{"line":4,"column":0},"end":{"line":4,"column":13}}},"fnMap":{},"branchMap":{},"s":{"0":0,"1":0,"2":0},"f":{},"b":{}}
,"C:\\Users\\billa\\OneDrive\\Área de Trabalho\\TrabalhoPraticas\\Trabalho de Praticas\\trabalho_praticas\\apps\\backend\\src\\modules\\tasks\\tasks.controller.ts": {"path":"C:\\Users\\billa\\OneDrive\\Área de Trabalho\\TrabalhoPraticas\\Trabalho de Praticas\\trabalho_praticas\\apps\\backend\\src\\modules\\tasks\\tasks.controller.ts","statementMap":{"0":{"start":{"line":1,"column":0},"end":{"line":1,"column":null}},"1":{"start":{"line":13,"column":0},"end":{"line":13,"column":47}},"2":{"start":{"line":14,"column":0},"end":{"line":14,"column":54}},"3":{"start":{"line":15,"column":0},"end":{"line":15,"column":54}},"4":{"start":{"line":16,"column":0},"end":{"line":16,"column":49}},"5":{"start":{"line":17,"column":0},"end":{"line":17,"column":54}},"6":{"start":{"line":21,"column":7},"end":{"line":66,"column":null}},"7":{"start":{"line":22,"column":31},"end":{"line":22,"column":45}},"8":{"start":{"line":30,"column":4},"end":{"line":49,"column":5}},"9":{"start":{"line":31,"column":19},"end":{"line":31,"column":89}},"10":{"start":{"line":32,"column":6},"end":{"line":32,"column":24}},"11":{"start":{"line":33,"column":6},"end":{"line":33,"column":26}},"12":{"start":{"line":35,"column":6},"end":{"line":39,"column":7}},"13":{"start":{"line":36,"column":23},"end":{"line":36,"column":61}},"14":{"start":{"line":37,"column":8},"end":{"line":37,"column":58}},"15":{"start":{"line":38,"column":8},"end":{"line":38,"column":32}},"16":{"start":{"line":41,"column":21},"end":{"line":41,"column":87}},"17":{"start":{"line":42,"column":6},"end":{"line":42,"column":78}},"18":{"start":{"line":43,"column":6},"end":{"line":43,"column":20}},"19":{"start":{"line":45,"column":23},"end":{"line":45,"column":96}},"20":{"start":{"line":46,"column":6},"end":{"line":46,"column":30}},"21":{"start":{"line":47,"column":6},"end":{"line":47,"column":43}},"22":{"start":{"line":48,"column":6},"end":{"line":48,"column":18}},"23":{"start":{"line":54,"column":4},"end":{"line":54,"column":54}},"24":{"start":{"line":59,"column":4},"end":{"line":59,"column":58}},"25":{"start":{"line":64,"column":4},"end":{"line":64,"column":53}},"26":{"start":{"line":21,"column":13},"end":{"line":21,"column":28}},"27":{"start":{"line":25,"column":8},"end":{"line":50,"column":null}},"28":{"start":{"line":53,"column":2},"end":{"line":55,"column":null}},"29":{"start":{"line":58,"column":2},"end":{"line":60,"column":null}},"30":{"start":{"line":63,"column":2},"end":{"line":65,"column":null}},"31":{"start":{"line":21,"column":13},"end":{"line":66,"column":null}}},"fnMap":{"0":{"name":"(anonymous_4)","decl":{"start":{"line":22,"column":2},"end":{"line":22,"column":31}},"loc":{"start":{"line":22,"column":57},"end":{"line":22,"column":61}}},"1":{"name":"(anonymous_5)","decl":{"start":{"line":25,"column":8},"end":{"line":25,"column":15}},"loc":{"start":{"line":28,"column":42},"end":{"line":50,"column":3}}},"2":{"name":"(anonymous_6)","decl":{"start":{"line":53,"column":2},"end":{"line":53,"column":8}},"loc":{"start":{"line":53,"column":51},"end":{"line":55,"column":3}}},"3":{"name":"(anonymous_7)","decl":{"start":{"line":58,"column":2},"end":{"line":58,"column":8}},"loc":{"start":{"line":58,"column":76},"end":{"line":60,"column":3}}},"4":{"name":"(anonymous_8)","decl":{"start":{"line":63,"column":2},"end":{"line":63,"column":8}},"loc":{"start":{"line":63,"column":48},"end":{"line":65,"column":3}}}},"branchMap":{"0":{"loc":{"start":{"line":35,"column":6},"end":{"line":39,"column":7}},"type":"if","locations":[{"start":{"line":35,"column":6},"end":{"line":39,"column":7}},{"start":{},"end":{}}]},"1":{"loc":{"start":{"line":42,"column":49},"end":{"line":42,"column":68}},"type":"binary-expr","locations":[{"start":{"line":42,"column":49},"end":{"line":42,"column":63}},{"start":{"line":42,"column":67},"end":{"line":42,"column":68}}]}},"s":{"0":0,"1":0,"2":0,"3":0,"4":0,"5":0,"6":0,"7":0,"8":0,"9":0,"10":0,"11":0,"12":0,"13":0,"14":0,"15":0,"16":0,"17":0,"18":0,"19":0,"20":0,"21":0,"22":0,"23":0,"24":0,"25":0,"26":0,"27":0,"28":0,"29":0,"30":0,"31":0},"f":{"0":0,"1":0,"2":0,"3":0,"4":0},"b":{"0":[0,0],"1":[0,0]}}
,"C:\\Users\\billa\\OneDrive\\Área de Trabalho\\TrabalhoPraticas\\Trabalho de Praticas\\trabalho_praticas\\apps\\backend\\src\\modules\\tasks\\tasks.module.ts": {"path":"C:\\Users\\billa\\OneDrive\\Área de Trabalho\\TrabalhoPraticas\\Trabalho de Praticas\\trabalho_praticas\\apps\\backend\\src\\modules\\tasks\\tasks.module.ts","statementMap":{"0":{"start":{"line":1,"column":0},"end":{"line":1,"column":40}},"1":{"start":{"line":2,"column":0},"end":{"line":2,"column":47}},"2":{"start":{"line":3,"column":0},"end":{"line":3,"column":53}},"3":{"start":{"line":4,"column":0},"end":{"line":4,"column":62}},"4":{"start":{"line":5,"column":0},"end":{"line":5,"column":49}},"5":{"start":{"line":13,"column":7},"end":{"line":13,"column":null}},"6":{"start":{"line":13,"column":13},"end":{"line":13,"column":24}},"7":{"start":{"line":13,"column":13},"end":{"line":13,"column":null}}},"fnMap":{},"branchMap":{},"s":{"0":0,"1":0,"2":0,"3":0,"4":0,"5":0,"6":0,"7":0},"f":{},"b":{}}
,"C:\\Users\\billa\\OneDrive\\Área de Trabalho\\TrabalhoPraticas\\Trabalho de Praticas\\trabalho_praticas\\apps\\backend\\src\\modules\\tasks\\tasks.service.ts": {"path":"C:\\Users\\billa\\OneDrive\\Área de Trabalho\\TrabalhoPraticas\\Trabalho de Praticas\\trabalho_praticas\\apps\\backend\\src\\modules\\tasks\\tasks.service.ts","statementMap":{"0":{"start":{"line":1,"column":0},"end":{"line":1,"column":63}},"1":{"start":{"line":2,"column":0},"end":{"line":2,"column":62}},"2":{"start":{"line":3,"column":0},"end":{"line":3,"column":51}},"3":{"start":{"line":9,"column":7},"end":{"line":96,"column":null}},"4":{"start":{"line":11,"column":21},"end":{"line":11,"column":29}},"5":{"start":{"line":12,"column":21},"end":{"line":12,"column":34}},"6":{"start":{"line":19,"column":4},"end":{"line":27,"column":7}},"7":{"start":{"line":31,"column":17},"end":{"line":42,"column":6}},"8":{"start":{"line":44,"column":4},"end":{"line":55,"column":5}},"9":{"start":{"line":45,"column":19},"end":{"line":45,"column":79}},"10":{"start":{"line":46,"column":6},"end":{"line":52,"column":7}},"11":{"start":{"line":47,"column":8},"end":{"line":51,"column":10}},"12":{"start":{"line":54,"column":6},"end":{"line":54,"column":64}},"13":{"start":{"line":57,"column":4},"end":{"line":57,"column":16}},"14":{"start":{"line":61,"column":4},"end":{"line":61,"column":41}},"15":{"start":{"line":62,"column":4},"end":{"line":69,"column":7}},"16":{"start":{"line":73,"column":17},"end":{"line":73,"column":53}},"17":{"start":{"line":74,"column":4},"end":{"line":74,"column":53}},"18":{"start":{"line":76,"column":4},"end":{"line":86,"column":5}},"19":{"start":{"line":77,"column":19},"end":{"line":77,"column":79}},"20":{"start":{"line":78,"column":6},"end":{"line":83,"column":7}},"21":{"start":{"line":79,"column":8},"end":{"line":82,"column":10}},"22":{"start":{"line":85,"column":6},"end":{"line":85,"column":64}},"23":{"start":{"line":88,"column":4},"end":{"line":88,"column":39}},"24":{"start":{"line":92,"column":17},"end":{"line":92,"column":76}},"25":{"start":{"line":93,"column":4},"end":{"line":93,"column":61}},"26":{"start":{"line":93,"column":15},"end":{"line":93,"column":61}},"27":{"start":{"line":94,"column":4},"end":{"line":94,"column":16}},"28":{"start":{"line":9,"column":13},"end":{"line":9,"column":25}},"29":{"start":{"line":9,"column":13},"end":{"line":96,"column":null}}},"fnMap":{"0":{"name":"(anonymous_2)","decl":{"start":{"line":10,"column":2},"end":{"line":10,"column":null}},"loc":{"start":{"line":12,"column":45},"end":{"line":13,"column":6}}},"1":{"name":"(anonymous_3)","decl":{"start":{"line":15,"column":2},"end":{"line":15,"column":7}},"loc":{"start":{"line":17,"column":57},"end":{"line":28,"column":3}}},"2":{"name":"(anonymous_4)","decl":{"start":{"line":30,"column":2},"end":{"line":30,"column":7}},"loc":{"start":{"line":30,"column":49},"end":{"line":58,"column":3}}},"3":{"name":"(anonymous_5)","decl":{"start":{"line":60,"column":2},"end":{"line":60,"column":7}},"loc":{"start":{"line":60,"column":61},"end":{"line":70,"column":3}}},"4":{"name":"(anonymous_6)","decl":{"start":{"line":72,"column":2},"end":{"line":72,"column":7}},"loc":{"start":{"line":72,"column":41},"end":{"line":89,"column":3}}},"5":{"name":"(anonymous_7)","decl":{"start":{"line":91,"column":10},"end":{"line":91,"column":15}},"loc":{"start":{"line":91,"column":56},"end":{"line":95,"column":3}}}},"branchMap":{"0":{"loc":{"start":{"line":22,"column":12},"end":{"line":22,"column":56}},"type":"binary-expr","locations":[{"start":{"line":22,"column":12},"end":{"line":22,"column":26}},{"start":{"line":22,"column":30},"end":{"line":22,"column":56}}]},"1":{"loc":{"start":{"line":23,"column":12},"end":{"line":23,"column":62}},"type":"binary-expr","locations":[{"start":{"line":23,"column":12},"end":{"line":23,"column":28}},{"start":{"line":23,"column":32},"end":{"line":23,"column":62}}]},"2":{"loc":{"start":{"line":37,"column":17},"end":{"line":37,"column":64}},"type":"cond-expr","locations":[{"start":{"line":37,"column":31},"end":{"line":37,"column":52}},{"start":{"line":37,"column":55},"end":{"line":37,"column":64}}]},"3":{"loc":{"start":{"line":38,"column":19},"end":{"line":38,"column":40}},"type":"binary-expr","locations":[{"start":{"line":38,"column":19},"end":{"line":38,"column":32}},{"start":{"line":38,"column":36},"end":{"line":38,"column":40}}]},"4":{"loc":{"start":{"line":46,"column":6},"end":{"line":52,"column":7}},"type":"if","locations":[{"start":{"line":46,"column":6},"end":{"line":52,"column":7}},{"start":{},"end":{}}]},"5":{"loc":{"start":{"line":46,"column":10},"end":{"line":46,"column":28}},"type":"binary-expr","locations":[{"start":{"line":46,"column":10},"end":{"line":46,"column":14}},{"start":{"line":46,"column":18},"end":{"line":46,"column":28}}]},"6":{"loc":{"start":{"line":66,"column":17},"end":{"line":66,"column":64}},"type":"cond-expr","locations":[{"start":{"line":66,"column":31},"end":{"line":66,"column":52}},{"start":{"line":66,"column":55},"end":{"line":66,"column":64}}]},"7":{"loc":{"start":{"line":78,"column":6},"end":{"line":83,"column":7}},"type":"if","locations":[{"start":{"line":78,"column":6},"end":{"line":83,"column":7}},{"start":{},"end":{}}]},"8":{"loc":{"start":{"line":78,"column":10},"end":{"line":78,"column":28}},"type":"binary-expr","locations":[{"start":{"line":78,"column":10},"end":{"line":78,"column":14}},{"start":{"line":78,"column":18},"end":{"line":78,"column":28}}]},"9":{"loc":{"start":{"line":93,"column":4},"end":{"line":93,"column":61}},"type":"if","locations":[{"start":{"line":93,"column":4},"end":{"line":93,"column":61}},{"start":{},"end":{}}]}},"s":{"0":1,"1":1,"2":1,"3":1,"4":7,"5":7,"6":2,"7":1,"8":1,"9":1,"10":1,"11":1,"12":0,"13":1,"14":2,"15":1,"16":2,"17":1,"18":1,"19":1,"20":1,"21":1,"22":0,"23":1,"24":4,"25":4,"26":2,"27":2,"28":1,"29":1},"f":{"0":7,"1":2,"2":1,"3":2,"4":2,"5":4},"b":{"0":[2,1],"1":[2,0],"2":[0,1],"3":[1,1],"4":[1,0],"5":[1,1],"6":[0,1],"7":[1,0],"8":[1,1],"9":[2,2]}}
,"C:\\Users\\billa\\OneDrive\\Área de Trabalho\\TrabalhoPraticas\\Trabalho de Praticas\\trabalho_praticas\\apps\\backend\\src\\modules\\tasks\\dto\\create-task.dto.ts": {"path":"C:\\Users\\billa\\OneDrive\\Área de Trabalho\\TrabalhoPraticas\\Trabalho de Praticas\\trabalho_praticas\\apps\\backend\\src\\modules\\tasks\\dto\\create-task.dto.ts","statementMap":{"0":{"start":{"line":1,"column":0},"end":{"line":1,"column":null}},"1":{"start":{"line":8,"column":0},"end":{"line":8,"column":54}},"2":{"start":{"line":10,"column":0},"end":{"line":10,"column":13}},"3":{"start":{"line":13,"column":2},"end":{"line":13,"column":null}},"4":{"start":{"line":17,"column":2},"end":{"line":17,"column":null}},"5":{"start":{"line":21,"column":2},"end":{"line":21,"column":null}},"6":{"start":{"line":25,"column":2},"end":{"line":25,"column":null}},"7":{"start":{"line":29,"column":2},"end":{"line":29,"column":null}},"8":{"start":{"line":33,"column":2},"end":{"line":33,"column":null}}},"fnMap":{},"branchMap":{},"s":{"0":0,"1":0,"2":0,"3":0,"4":0,"5":0,"6":0,"7":0,"8":0},"f":{},"b":{}}
,"C:\\Users\\billa\\OneDrive\\Área de Trabalho\\TrabalhoPraticas\\Trabalho de Praticas\\trabalho_praticas\\apps\\backend\\src\\modules\\tasks\\dto\\update-task.dto.ts": {"path":"C:\\Users\\billa\\OneDrive\\Área de Trabalho\\TrabalhoPraticas\\Trabalho de Praticas\\trabalho_praticas\\apps\\backend\\src\\modules\\tasks\\dto\\update-task.dto.ts","statementMap":{"0":{"start":{"line":1,"column":0},"end":{"line":1,"column":51}},"1":{"start":{"line":2,"column":0},"end":{"line":2,"column":50}},"2":{"start":{"line":4,"column":0},"end":{"line":4,"column":13}}},"fnMap":{},"branchMap":{},"s":{"0":0,"1":0,"2":0},"f":{},"b":{}}
,"C:\\Users\\billa\\OneDrive\\Área de Trabalho\\TrabalhoPraticas\\Trabalho de Praticas\\trabalho_praticas\\apps\\backend\\src\\modules\\users\\users.controller.ts": {"path":"C:\\Users\\billa\\OneDrive\\Área de Trabalho\\TrabalhoPraticas\\Trabalho de Praticas\\trabalho_praticas\\apps\\backend\\src\\modules\\users\\users.controller.ts","statementMap":{"0":{"start":{"line":1,"column":0},"end":{"line":1,"column":44}},"1":{"start":{"line":4,"column":7},"end":{"line":4,"column":null}},"2":{"start":{"line":4,"column":13},"end":{"line":4,"column":28}},"3":{"start":{"line":4,"column":13},"end":{"line":4,"column":null}}},"fnMap":{},"branchMap":{},"s":{"0":0,"1":0,"2":0,"3":0},"f":{},"b":{}}
,"C:\\Users\\billa\\OneDrive\\Área de Trabalho\\TrabalhoPraticas\\Trabalho de Praticas\\trabalho_praticas\\apps\\backend\\src\\modules\\users\\users.module.ts": {"path":"C:\\Users\\billa\\OneDrive\\Área de Trabalho\\TrabalhoPraticas\\Trabalho de Praticas\\trabalho_praticas\\apps\\backend\\src\\modules\\users\\users.module.ts","statementMap":{"0":{"start":{"line":1,"column":0},"end":{"line":1,"column":40}},"1":{"start":{"line":2,"column":0},"end":{"line":2,"column":47}},"2":{"start":{"line":3,"column":0},"end":{"line":3,"column":53}},"3":{"start":{"line":4,"column":0},"end":{"line":4,"column":62}},"4":{"start":{"line":10,"column":7},"end":{"line":10,"column":null}},"5":{"start":{"line":10,"column":13},"end":{"line":10,"column":24}},"6":{"start":{"line":10,"column":13},"end":{"line":10,"column":null}}},"fnMap":{},"branchMap":{},"s":{"0":0,"1":0,"2":0,"3":0,"4":0,"5":0,"6":0},"f":{},"b":{}}
,"C:\\Users\\billa\\OneDrive\\Área de Trabalho\\TrabalhoPraticas\\Trabalho de Praticas\\trabalho_praticas\\apps\\backend\\src\\modules\\users\\users.service.ts": {"path":"C:\\Users\\billa\\OneDrive\\Área de Trabalho\\TrabalhoPraticas\\Trabalho de Praticas\\trabalho_praticas\\apps\\backend\\src\\modules\\users\\users.service.ts","statementMap":{"0":{"start":{"line":1,"column":0},"end":{"line":1,"column":63}},"1":{"start":{"line":2,"column":0},"end":{"line":2,"column":62}},"2":{"start":{"line":6,"column":7},"end":{"line":25,"column":null}},"3":{"start":{"line":7,"column":31},"end":{"line":7,"column":39}},"4":{"start":{"line":10,"column":17},"end":{"line":13,"column":6}},"5":{"start":{"line":14,"column":4},"end":{"line":14,"column":61}},"6":{"start":{"line":14,"column":15},"end":{"line":14,"column":61}},"7":{"start":{"line":15,"column":4},"end":{"line":15,"column":16}},"8":{"start":{"line":19,"column":4},"end":{"line":23,"column":7}},"9":{"start":{"line":6,"column":13},"end":{"line":6,"column":25}},"10":{"start":{"line":6,"column":13},"end":{"line":25,"column":null}}},"fnMap":{"0":{"name":"(anonymous_2)","decl":{"start":{"line":7,"column":2},"end":{"line":7,"column":31}},"loc":{"start":{"line":7,"column":52},"end":{"line":7,"column":56}}},"1":{"name":"(anonymous_3)","decl":{"start":{"line":9,"column":2},"end":{"line":9,"column":7}},"loc":{"start":{"line":9,"column":28},"end":{"line":16,"column":3}}},"2":{"name":"(anonymous_4)","decl":{"start":{"line":18,"column":2},"end":{"line":18,"column":7}},"loc":{"start":{"line":18,"column":51},"end":{"line":24,"column":3}}}},"branchMap":{"0":{"loc":{"start":{"line":14,"column":4},"end":{"line":14,"column":61}},"type":"if","locations":[{"start":{"line":14,"column":4},"end":{"line":14,"column":61}},{"start":{},"end":{}}]}},"s":{"0":1,"1":1,"2":1,"3":4,"4":3,"5":3,"6":2,"7":1,"8":2,"9":1,"10":1},"f":{"0":4,"1":3,"2":2},"b":{"0":[2,1]}}
,"C:\\Users\\billa\\OneDrive\\Área de Trabalho\\TrabalhoPraticas\\Trabalho de Praticas\\trabalho_praticas\\apps\\backend\\src\\modules\\users\\dto\\update-user.dto.ts": {"path":"C:\\Users\\billa\\OneDrive\\Área de Trabalho\\TrabalhoPraticas\\Trabalho de Praticas\\trabalho_praticas\\apps\\backend\\src\\modules\\users\\dto\\update-user.dto.ts","statementMap":{"0":{"start":{"line":1,"column":0},"end":{"line":1,"column":66}},"1":{"start":{"line":3,"column":0},"end":{"line":3,"column":13}},"2":{"start":{"line":7,"column":2},"end":{"line":7,"column":null}}},"fnMap":{},"branchMap":{},"s":{"0":0,"1":0,"2":0},"f":{},"b":{}}
}
