TN:
SF:src\app.module.ts
FN:40,(anonymous_1)
FNF:1
FNH:0
FNDA:0,(anonymous_1)
DA:1,0
DA:2,0
DA:3,0
DA:4,0
DA:5,0
DA:6,0
DA:7,0
DA:8,0
DA:9,0
DA:11,0
DA:12,0
DA:13,0
DA:39,0
DA:41,0
LF:14
LH:0
BRDA:21,0,0,0
BRDA:21,0,1,0
BRF:2
BRH:0
end_of_record
TN:
SF:src\main.ts
FN:10,(anonymous_0)
FN:14,(anonymous_1)
FN:18,bootstrap
FN:44,(anonymous_3)
FN:59,(anonymous_4)
FN:67,(anonymous_5)
FN:92,(anonymous_6)
FN:97,(anonymous_7)
FNF:8
FNH:0
FNDA:0,(anonymous_0)
FNDA:0,(anonymous_1)
FNDA:0,bootstrap
FNDA:0,(anonymous_3)
FNDA:0,(anonymous_4)
FNDA:0,(anonymous_5)
FNDA:0,(anonymous_6)
FNDA:0,(anonymous_7)
DA:1,0
DA:2,0
DA:3,0
DA:4,0
DA:6,0
DA:10,0
DA:11,0
DA:14,0
DA:15,0
DA:19,0
DA:20,0
DA:21,0
DA:22,0
DA:23,0
DA:24,0
DA:26,0
DA:27,0
DA:30,0
DA:32,0
DA:34,0
DA:43,0
DA:44,0
DA:45,0
DA:47,0
DA:48,0
DA:49,0
DA:51,0
DA:52,0
DA:56,0
DA:59,0
DA:60,0
DA:61,0
DA:63,0
DA:66,0
DA:67,0
DA:68,0
DA:69,0
DA:70,0
DA:71,0
DA:72,0
DA:74,0
DA:78,0
DA:79,0
DA:80,0
DA:81,0
DA:84,0
DA:85,0
DA:86,0
DA:89,0
DA:90,0
DA:92,0
DA:93,0
DA:94,0
DA:97,0
DA:98,0
DA:99,0
DA:102,0
DA:104,0
DA:105,0
DA:108,0
DA:109,0
DA:111,0
LF:62
LH:0
BRDA:19,0,0,0
BRDA:19,0,1,0
BRDA:36,1,0,0
BRDA:36,1,1,0
BRDA:60,2,0,0
BRDA:60,2,1,0
BRDA:61,3,0,0
BRDA:61,3,1,0
BRDA:68,4,0,0
BRDA:68,4,1,0
BRDA:78,5,0,0
BRDA:78,5,1,0
BRDA:108,6,0,0
BRDA:108,6,1,0
BRDA:113,7,0,0
BRDA:113,7,1,0
BRF:16
BRH:0
end_of_record
TN:
SF:src\common\interceptors\logging.interceptor.ts
FN:14,(anonymous_1)
FN:17,(anonymous_2)
FN:33,(anonymous_3)
FNF:3
FNH:0
FNDA:0,(anonymous_1)
FNDA:0,(anonymous_2)
FNDA:0,(anonymous_3)
DA:1,0
DA:9,0
DA:11,0
DA:14,0
DA:15,0
DA:18,0
DA:19,0
DA:20,0
DA:22,0
DA:23,0
DA:24,0
DA:25,0
DA:26,0
DA:28,0
DA:32,0
DA:34,0
DA:35,0
DA:36,0
LF:18
LH:0
BRDA:25,0,0,0
BRDA:25,0,1,0
BRF:2
BRH:0
end_of_record
TN:
SF:src\common\logger\winston.config.ts
FNF:0
FNH:0
DA:1,0
DA:4,0
LF:2
LH:0
BRF:0
BRH:0
end_of_record
TN:
SF:src\common\middlewares\correlation-id.middleware.ts
FN:9,(anonymous_1)
FNF:1
FNH:0
FNDA:0,(anonymous_1)
DA:1,0
DA:3,0
DA:5,0
DA:8,0
DA:10,0
DA:11,0
DA:12,0
DA:13,0
LF:8
LH:0
BRDA:10,0,0,0
BRDA:10,0,1,0
BRF:2
BRH:0
end_of_record
TN:
SF:src\database\prisma.service.ts
FN:9,(anonymous_2)
FN:14,(anonymous_3)
FN:28,(anonymous_4)
FNF:3
FNH:0
FNDA:0,(anonymous_2)
FNDA:0,(anonymous_3)
FNDA:0,(anonymous_4)
DA:1,4
DA:2,4
DA:5,4
DA:10,0
DA:11,0
DA:15,0
DA:16,0
DA:17,0
DA:18,0
DA:20,0
DA:22,0
DA:23,0
DA:24,0
DA:29,0
LF:14
LH:3
BRDA:22,0,0,0
BRDA:22,0,1,0
BRF:2
BRH:0
end_of_record
TN:
SF:src\modules\auth\auth.controller.ts
FN:10,(anonymous_4)
FN:13,(anonymous_5)
FN:26,(anonymous_6)
FN:40,(anonymous_7)
FNF:4
FNH:0
FNDA:0,(anonymous_4)
FNDA:0,(anonymous_5)
FNDA:0,(anonymous_6)
FNDA:0,(anonymous_7)
DA:1,0
DA:2,0
DA:3,0
DA:4,0
DA:5,0
DA:6,0
DA:9,0
DA:10,0
DA:13,0
DA:14,0
DA:15,0
DA:16,0
DA:17,0
DA:18,0
DA:20,0
DA:21,0
DA:26,0
DA:27,0
DA:28,0
DA:29,0
DA:30,0
DA:31,0
DA:33,0
DA:34,0
DA:40,0
DA:41,0
DA:42,0
DA:43,0
DA:44,0
DA:45,0
DA:47,0
DA:48,0
LF:32
LH:0
BRF:0
BRH:0
end_of_record
TN:
SF:src\modules\auth\auth.module.ts
FN:20,(anonymous_1)
FNF:1
FNH:0
FNDA:0,(anonymous_1)
DA:1,0
DA:2,0
DA:3,0
DA:4,0
DA:5,0
DA:6,0
DA:7,0
DA:8,0
DA:9,0
DA:10,0
DA:20,0
DA:30,0
LF:12
LH:0
BRDA:21,0,0,0
BRDA:21,0,1,0
BRF:2
BRH:0
end_of_record
TN:
SF:src\modules\auth\auth.service.ts
FN:17,(anonymous_2)
FN:23,(anonymous_3)
FN:51,(anonymous_4)
FN:67,(anonymous_5)
FNF:4
FNH:4
FNDA:8,(anonymous_2)
FNDA:2,(anonymous_3)
FNDA:3,(anonymous_4)
FNDA:3,(anonymous_5)
DA:1,1
DA:7,1
DA:8,1
DA:9,1
DA:13,1
DA:16,1
DA:18,8
DA:19,8
DA:20,8
DA:24,2
DA:25,2
DA:28,2
DA:29,1
DA:30,1
DA:33,1
DA:34,1
DA:35,1
DA:36,1
DA:39,1
DA:42,1
DA:44,1
DA:45,1
DA:52,3
DA:55,3
DA:57,2
DA:58,2
DA:60,1
DA:61,1
DA:68,3
DA:69,3
DA:71,2
DA:72,2
DA:74,1
DA:75,1
DA:80,1
LF:35
LH:35
BRDA:28,0,0,1
BRDA:28,0,1,1
BRDA:42,1,0,1
BRDA:42,1,1,0
BRDA:55,2,0,1
BRDA:55,2,1,2
BRDA:58,3,0,1
BRDA:58,3,1,1
BRDA:69,4,0,1
BRDA:69,4,1,2
BRDA:72,5,0,1
BRDA:72,5,1,1
BRF:12
BRH:11
end_of_record
TN:
SF:src\modules\auth\clerk.strategy.ts
FN:12,(anonymous_2)
FN:31,(anonymous_3)
FNF:2
FNH:0
FNDA:0,(anonymous_2)
FNDA:0,(anonymous_3)
DA:1,0
DA:2,0
DA:3,0
DA:4,0
DA:5,0
DA:6,0
DA:9,0
DA:13,0
DA:14,0
DA:16,0
DA:17,0
DA:18,0
DA:19,0
DA:22,0
DA:28,0
DA:32,0
DA:34,0
DA:35,0
DA:39,0
DA:43,0
DA:45,0
DA:46,0
DA:47,0
DA:49,0
DA:50,0
DA:53,0
DA:56,0
DA:61,0
DA:75,0
DA:76,0
DA:79,0
DA:80,0
DA:84,0
LF:33
LH:0
BRDA:18,0,0,0
BRDA:18,0,1,0
BRDA:34,1,0,0
BRDA:34,1,1,0
BRDA:43,2,0,0
BRDA:43,2,1,0
BRDA:49,3,0,0
BRDA:49,3,1,0
BRDA:53,4,0,0
BRDA:53,4,1,0
BRDA:53,5,0,0
BRDA:53,5,1,0
BRDA:53,6,0,0
BRDA:53,6,1,0
BRDA:75,7,0,0
BRDA:75,7,1,0
BRF:16
BRH:0
end_of_record
TN:
SF:src\modules\auth\jwt.guard.ts
FN:6,(anonymous_2)
FN:13,(anonymous_3)
FNF:2
FNH:0
FNDA:0,(anonymous_2)
FNDA:0,(anonymous_3)
DA:1,0
DA:2,0
DA:5,0
DA:7,0
DA:12,0
DA:14,0
LF:6
LH:0
BRF:0
BRH:0
end_of_record
TN:
SF:src\modules\auth\jwt.strategy.ts
FN:8,(anonymous_2)
FN:16,(anonymous_3)
FNF:2
FNH:0
FNDA:0,(anonymous_2)
FNDA:0,(anonymous_3)
DA:1,0
DA:2,0
DA:3,0
DA:4,0
DA:7,0
DA:8,0
DA:9,0
DA:17,0
DA:20,0
DA:21,0
LF:10
LH:0
BRDA:12,0,0,0
BRDA:12,0,1,0
BRDA:20,1,0,0
BRDA:20,1,1,0
BRF:4
BRH:0
end_of_record
TN:
SF:src\modules\auth\dto\login.dto.ts
FNF:0
FNH:0
DA:1,0
DA:3,0
DA:5,0
DA:9,0
LF:4
LH:0
BRF:0
BRH:0
end_of_record
TN:
SF:src\modules\auth\dto\register.dto.ts
FNF:0
FNH:0
DA:1,0
DA:3,0
DA:6,0
DA:9,0
DA:13,0
LF:5
LH:0
BRF:0
BRH:0
end_of_record
TN:
SF:src\modules\auth\dto\update-password.dto.ts
FNF:0
FNH:0
DA:1,0
DA:3,0
DA:6,0
DA:10,0
LF:4
LH:0
BRF:0
BRH:0
end_of_record
TN:
SF:src\modules\chat\chat.controller.ts
FN:17,(anonymous_4)
FN:25,(anonymous_5)
FN:32,(anonymous_6)
FNF:3
FNH:0
FNDA:0,(anonymous_4)
FNDA:0,(anonymous_5)
FNDA:0,(anonymous_6)
DA:1,0
DA:10,0
DA:11,0
DA:12,0
DA:16,0
DA:17,0
DA:25,0
DA:26,0
DA:27,0
DA:32,0
DA:33,0
LF:11
LH:0
BRF:0
BRH:0
end_of_record
TN:
SF:src\modules\chat\chat.module.ts
FNF:0
FNH:0
DA:1,0
DA:2,0
DA:3,0
DA:4,0
DA:5,0
DA:6,0
DA:13,0
LF:7
LH:0
BRF:0
BRH:0
end_of_record
TN:
SF:src\modules\chat\chat.service.ts
FN:86,(anonymous_2)
FN:96,(anonymous_3)
FN:132,(anonymous_4)
FN:151,(anonymous_5)
FN:169,(anonymous_6)
FN:195,(anonymous_7)
FN:228,(anonymous_8)
FN:246,(anonymous_9)
FN:253,(anonymous_10)
FN:277,(anonymous_11)
FN:299,(anonymous_12)
FN:313,(anonymous_13)
FN:321,(anonymous_14)
FN:325,(anonymous_15)
FN:339,(anonymous_16)
FN:349,(anonymous_17)
FNF:16
FNH:0
FNDA:0,(anonymous_2)
FNDA:0,(anonymous_3)
FNDA:0,(anonymous_4)
FNDA:0,(anonymous_5)
FNDA:0,(anonymous_6)
FNDA:0,(anonymous_7)
FNDA:0,(anonymous_8)
FNDA:0,(anonymous_9)
FNDA:0,(anonymous_10)
FNDA:0,(anonymous_11)
FNDA:0,(anonymous_12)
FNDA:0,(anonymous_13)
FNDA:0,(anonymous_14)
FNDA:0,(anonymous_15)
FNDA:0,(anonymous_16)
FNDA:0,(anonymous_17)
DA:1,0
DA:7,0
DA:8,0
DA:9,0
DA:10,0
DA:11,0
DA:34,0
DA:76,0
DA:77,0
DA:79,0
DA:87,0
DA:88,0
DA:89,0
DA:90,0
DA:92,0
DA:93,0
DA:97,0
DA:99,0
DA:100,0
DA:101,0
DA:103,0
DA:106,0
DA:107,0
DA:108,0
DA:111,0
DA:112,0
DA:113,0
DA:114,0
DA:116,0
DA:121,0
DA:127,0
DA:128,0
DA:133,0
DA:134,0
DA:136,0
DA:137,0
DA:138,0
DA:139,0
DA:140,0
DA:141,0
DA:143,0
DA:144,0
DA:148,0
DA:152,0
DA:153,0
DA:155,0
DA:156,0
DA:158,0
DA:159,0
DA:160,0
DA:162,0
DA:163,0
DA:170,0
DA:171,0
DA:173,0
DA:174,0
DA:176,0
DA:177,0
DA:181,0
DA:182,0
DA:183,0
DA:186,0
DA:187,0
DA:188,0
DA:196,0
DA:198,0
DA:201,0
DA:204,0
DA:207,0
DA:210,0
DA:213,0
DA:216,0
DA:219,0
DA:222,0
DA:229,0
DA:232,0
DA:233,0
DA:236,0
DA:247,0
DA:255,0
DA:256,0
DA:257,0
DA:262,0
DA:263,0
DA:264,0
DA:267,0
DA:279,0
DA:280,0
DA:281,0
DA:282,0
DA:285,0
DA:289,0
DA:290,0
DA:291,0
DA:292,0
DA:296,0
DA:300,0
DA:301,0
DA:308,0
DA:314,0
DA:322,0
DA:326,0
DA:327,0
DA:328,0
DA:332,0
DA:340,0
DA:341,0
DA:342,0
DA:346,0
DA:350,0
DA:351,0
DA:358,0
LF:112
LH:0
BRDA:93,0,0,0
BRDA:93,0,1,0
BRDA:107,1,0,0
BRDA:107,1,1,0
BRDA:107,2,0,0
BRDA:107,2,1,0
BRDA:122,3,0,0
BRDA:122,3,1,0
BRDA:153,4,0,0
BRDA:153,4,1,0
BRDA:158,5,0,0
BRDA:158,5,1,0
BRDA:159,6,0,0
BRDA:159,6,1,0
BRDA:173,7,0,0
BRDA:173,7,1,0
BRDA:176,8,0,0
BRDA:176,8,1,0
BRDA:181,9,0,0
BRDA:181,9,1,0
BRDA:181,10,0,0
BRDA:181,10,1,0
BRDA:182,11,0,0
BRDA:182,11,1,0
BRDA:186,12,0,0
BRDA:186,12,1,0
BRDA:186,13,0,0
BRDA:186,13,1,0
BRDA:187,14,0,0
BRDA:187,14,1,0
BRDA:196,15,0,0
BRDA:196,15,1,0
BRDA:196,15,2,0
BRDA:196,15,3,0
BRDA:196,15,4,0
BRDA:196,15,5,0
BRDA:196,15,6,0
BRDA:196,15,7,0
BRDA:196,15,8,0
BRDA:198,16,0,0
BRDA:198,16,1,0
BRDA:201,17,0,0
BRDA:201,17,1,0
BRDA:204,18,0,0
BRDA:204,18,1,0
BRDA:204,19,0,0
BRDA:204,19,1,0
BRDA:207,20,0,0
BRDA:207,20,1,0
BRDA:210,21,0,0
BRDA:210,21,1,0
BRDA:216,22,0,0
BRDA:216,22,1,0
BRDA:216,23,0,0
BRDA:216,23,1,0
BRDA:219,24,0,0
BRDA:219,24,1,0
BRDA:232,25,0,0
BRDA:232,25,1,0
BRDA:232,26,0,0
BRDA:232,26,1,0
BRDA:242,27,0,0
BRDA:242,27,1,0
BRDA:255,28,0,0
BRDA:255,28,1,0
BRDA:256,29,0,0
BRDA:256,29,1,0
BRDA:263,30,0,0
BRDA:263,30,1,0
BRDA:263,31,0,0
BRDA:263,31,1,0
BRDA:273,32,0,0
BRDA:273,32,1,0
BRDA:279,33,0,0
BRDA:279,33,1,0
BRDA:281,34,0,0
BRDA:281,34,1,0
BRDA:289,35,0,0
BRDA:289,35,1,0
BRDA:290,36,0,0
BRDA:290,36,1,0
BRDA:291,37,0,0
BRDA:291,37,1,0
BRDA:291,37,2,0
BRDA:300,38,0,0
BRDA:300,38,1,0
BRDA:308,39,0,0
BRDA:308,39,1,0
BRDA:326,40,0,0
BRDA:326,40,1,0
BRDA:327,41,0,0
BRDA:327,41,1,0
BRDA:340,42,0,0
BRDA:340,42,1,0
BRDA:341,43,0,0
BRDA:341,43,1,0
BRDA:350,44,0,0
BRDA:350,44,1,0
BRDA:358,45,0,0
BRDA:358,45,1,0
BRF:100
BRH:0
end_of_record
TN:
SF:src\modules\chat\dto\chat-message.dto.ts
FNF:0
FNH:0
DA:1,0
DA:3,0
DA:7,0
LF:3
LH:0
BRF:0
BRH:0
end_of_record
TN:
SF:src\modules\health\health.controller.ts
FN:6,(anonymous_2)
FNF:1
FNH:0
FNDA:0,(anonymous_2)
DA:1,0
DA:4,0
DA:6,0
DA:7,0
LF:4
LH:0
BRF:0
BRH:0
end_of_record
TN:
SF:src\modules\health\health.module.ts
FNF:0
FNH:0
DA:1,0
DA:2,0
DA:7,0
LF:3
LH:0
BRF:0
BRH:0
end_of_record
TN:
SF:src\modules\mail\mail.module.ts
FNF:0
FNH:0
DA:1,0
DA:2,0
DA:9,0
LF:3
LH:0
BRF:0
BRH:0
end_of_record
TN:
SF:src\modules\mail\mail.service.ts
FN:11,(anonymous_2)
FN:27,(anonymous_3)
FN:50,(anonymous_4)
FN:68,(anonymous_5)
FN:83,(anonymous_6)
FN:98,(anonymous_7)
FNF:6
FNH:0
FNDA:0,(anonymous_2)
FNDA:0,(anonymous_3)
FNDA:0,(anonymous_4)
FNDA:0,(anonymous_5)
FNDA:0,(anonymous_6)
FNDA:0,(anonymous_7)
DA:1,3
DA:2,3
DA:3,3
DA:6,3
DA:8,0
DA:9,0
DA:11,0
DA:12,0
DA:13,0
DA:15,0
DA:16,0
DA:19,0
DA:20,0
DA:21,0
DA:23,0
DA:28,0
DA:29,0
DA:30,0
DA:34,0
DA:35,0
DA:37,0
DA:38,0
DA:44,0
DA:46,0
DA:51,0
DA:65,0
DA:69,0
DA:80,0
DA:84,0
DA:95,0
DA:99,0
DA:109,0
LF:32
LH:4
BRDA:15,0,0,0
BRDA:15,0,1,0
BRDA:19,1,0,0
BRDA:19,1,1,0
BRDA:28,2,0,0
BRDA:28,2,1,0
BRDA:35,3,0,0
BRDA:35,3,1,0
BRDA:41,4,0,0
BRDA:41,4,1,0
BRDA:91,5,0,0
BRDA:91,5,1,0
BRF:12
BRH:0
end_of_record
TN:
SF:src\modules\projects\projects.controller.ts
FN:20,(anonymous_4)
FN:23,(anonymous_5)
FN:47,(anonymous_6)
FN:52,(anonymous_7)
FN:57,(anonymous_8)
FN:62,(anonymous_9)
FNF:6
FNH:0
FNDA:0,(anonymous_4)
FNDA:0,(anonymous_5)
FNDA:0,(anonymous_6)
FNDA:0,(anonymous_7)
FNDA:0,(anonymous_8)
FNDA:0,(anonymous_9)
DA:1,0
DA:12,0
DA:13,0
DA:14,0
DA:15,0
DA:19,0
DA:20,0
DA:23,0
DA:24,0
DA:25,0
DA:26,0
DA:27,0
DA:29,0
DA:30,0
DA:31,0
DA:32,0
DA:35,0
DA:36,0
DA:37,0
DA:39,0
DA:40,0
DA:41,0
DA:42,0
DA:47,0
DA:48,0
DA:52,0
DA:53,0
DA:57,0
DA:58,0
DA:62,0
DA:63,0
LF:31
LH:0
BRDA:29,0,0,0
BRDA:29,0,1,0
BRDA:36,1,0,0
BRDA:36,1,1,0
BRF:4
BRH:0
end_of_record
TN:
SF:src\modules\projects\projects.module.ts
FNF:0
FNH:0
DA:1,0
DA:2,0
DA:3,0
DA:4,0
DA:5,0
DA:13,0
LF:6
LH:0
BRF:0
BRH:0
end_of_record
TN:
SF:src\modules\projects\projects.service.ts
FN:9,(anonymous_2)
FN:14,(anonymous_3)
FN:27,(anonymous_4)
FN:41,(anonymous_5)
FN:66,(anonymous_6)
FN:74,(anonymous_7)
FN:80,(anonymous_8)
FNF:7
FNH:7
FNDA:8,(anonymous_2)
FNDA:1,(anonymous_3)
FNDA:2,(anonymous_4)
FNDA:1,(anonymous_5)
FNDA:2,(anonymous_6)
FNDA:2,(anonymous_7)
FNDA:4,(anonymous_8)
DA:1,1
DA:2,1
DA:3,1
DA:8,1
DA:10,8
DA:11,8
DA:15,1
DA:28,2
DA:37,2
DA:38,1
DA:42,1
DA:51,1
DA:52,1
DA:53,1
DA:54,1
DA:60,0
DA:63,1
DA:67,2
DA:68,1
DA:75,2
DA:76,1
DA:77,1
DA:81,4
DA:82,4
DA:83,2
LF:25
LH:24
BRDA:37,0,0,1
BRDA:37,0,1,1
BRDA:46,1,0,1
BRDA:46,1,1,1
BRDA:53,2,0,1
BRDA:53,2,1,0
BRDA:53,3,0,1
BRDA:53,3,1,1
BRDA:82,4,0,2
BRDA:82,4,1,2
BRF:10
BRH:9
end_of_record
TN:
SF:src\modules\projects\dto\create-project.dto.ts
FNF:0
FNH:0
DA:1,0
DA:3,0
DA:6,0
DA:10,0
DA:14,0
LF:5
LH:0
BRF:0
BRH:0
end_of_record
TN:
SF:src\modules\projects\dto\update-project.dto.ts
FNF:0
FNH:0
DA:1,0
DA:2,0
DA:4,0
LF:3
LH:0
BRF:0
BRH:0
end_of_record
TN:
SF:src\modules\tasks\tasks.controller.ts
FN:22,(anonymous_4)
FN:25,(anonymous_5)
FN:53,(anonymous_6)
FN:58,(anonymous_7)
FN:63,(anonymous_8)
FNF:5
FNH:0
FNDA:0,(anonymous_4)
FNDA:0,(anonymous_5)
FNDA:0,(anonymous_6)
FNDA:0,(anonymous_7)
FNDA:0,(anonymous_8)
DA:1,0
DA:13,0
DA:14,0
DA:15,0
DA:16,0
DA:17,0
DA:21,0
DA:22,0
DA:25,0
DA:30,0
DA:31,0
DA:32,0
DA:33,0
DA:35,0
DA:36,0
DA:37,0
DA:38,0
DA:41,0
DA:42,0
DA:43,0
DA:45,0
DA:46,0
DA:47,0
DA:48,0
DA:53,0
DA:54,0
DA:58,0
DA:59,0
DA:63,0
DA:64,0
LF:30
LH:0
BRDA:35,0,0,0
BRDA:35,0,1,0
BRDA:42,1,0,0
BRDA:42,1,1,0
BRF:4
BRH:0
end_of_record
TN:
SF:src\modules\tasks\tasks.module.ts
FNF:0
FNH:0
DA:1,0
DA:2,0
DA:3,0
DA:4,0
DA:5,0
DA:13,0
LF:6
LH:0
BRF:0
BRH:0
end_of_record
TN:
SF:src\modules\tasks\tasks.service.ts
FN:10,(anonymous_2)
FN:15,(anonymous_3)
FN:30,(anonymous_4)
FN:60,(anonymous_5)
FN:72,(anonymous_6)
FN:91,(anonymous_7)
FNF:6
FNH:6
FNDA:7,(anonymous_2)
FNDA:2,(anonymous_3)
FNDA:1,(anonymous_4)
FNDA:2,(anonymous_5)
FNDA:2,(anonymous_6)
FNDA:4,(anonymous_7)
DA:1,1
DA:2,1
DA:3,1
DA:9,1
DA:11,7
DA:12,7
DA:19,2
DA:31,1
DA:44,1
DA:45,1
DA:46,1
DA:47,1
DA:54,0
DA:57,1
DA:61,2
DA:62,1
DA:73,2
DA:74,1
DA:76,1
DA:77,1
DA:78,1
DA:79,1
DA:85,0
DA:88,1
DA:92,4
DA:93,4
DA:94,2
LF:27
LH:25
BRDA:22,0,0,2
BRDA:22,0,1,1
BRDA:23,1,0,2
BRDA:23,1,1,0
BRDA:37,2,0,0
BRDA:37,2,1,1
BRDA:38,3,0,1
BRDA:38,3,1,1
BRDA:46,4,0,1
BRDA:46,4,1,0
BRDA:46,5,0,1
BRDA:46,5,1,1
BRDA:66,6,0,0
BRDA:66,6,1,1
BRDA:78,7,0,1
BRDA:78,7,1,0
BRDA:78,8,0,1
BRDA:78,8,1,1
BRDA:93,9,0,2
BRDA:93,9,1,2
BRF:20
BRH:15
end_of_record
TN:
SF:src\modules\tasks\dto\create-task.dto.ts
FNF:0
FNH:0
DA:1,0
DA:8,0
DA:10,0
DA:13,0
DA:17,0
DA:21,0
DA:25,0
DA:29,0
DA:33,0
LF:9
LH:0
BRF:0
BRH:0
end_of_record
TN:
SF:src\modules\tasks\dto\update-task.dto.ts
FNF:0
FNH:0
DA:1,0
DA:2,0
DA:4,0
LF:3
LH:0
BRF:0
BRH:0
end_of_record
TN:
SF:src\modules\users\users.controller.ts
FNF:0
FNH:0
DA:1,0
DA:4,0
LF:2
LH:0
BRF:0
BRH:0
end_of_record
TN:
SF:src\modules\users\users.module.ts
FNF:0
FNH:0
DA:1,0
DA:2,0
DA:3,0
DA:4,0
DA:10,0
LF:5
LH:0
BRF:0
BRH:0
end_of_record
TN:
SF:src\modules\users\users.service.ts
FN:7,(anonymous_2)
FN:9,(anonymous_3)
FN:18,(anonymous_4)
FNF:3
FNH:3
FNDA:4,(anonymous_2)
FNDA:3,(anonymous_3)
FNDA:2,(anonymous_4)
DA:1,1
DA:2,1
DA:6,1
DA:7,4
DA:10,3
DA:14,3
DA:15,1
DA:19,2
LF:8
LH:8
BRDA:14,0,0,2
BRDA:14,0,1,1
BRF:2
BRH:2
end_of_record
TN:
SF:src\modules\users\dto\update-user.dto.ts
FNF:0
FNH:0
DA:1,0
DA:3,0
DA:7,0
LF:3
LH:0
BRF:0
BRH:0
end_of_record
